Start testing: Aug 26 22:52 CEST
----------------------------------------------------------
1/1 Testing: run.t
1/1 Test: run.t
Command: "/home/diego/esame/progetto/build/Release/run.t"
Directory: /home/diego/esame/progetto/build
"run.t" start time: Aug 26 22:52 CEST
Output:
----------------------------------------------------------
[doctest] doctest version is "2.5.0"
[doctest] run with "--help" for options
Px = 0  Py = 0  |P| = 0
Px = 0  Py = 0  |P| = 0
Px = 0  Py = 0  |P| = 0
Px = 0  Py = 0  |P| = 0
Px = 0  Py = 0  |P| = 0
Px = 0  Py = 0  |P| = 0
Px = 0  Py = 0  |P| = 0
Px = 0  Py = 0  |P| = 0
Px = 0  Py = 0  |P| = 0
Px = 0  Py = 0  |P| = 0
Px = 0  Py = 0  |P| = 0
Px = 0  Py = 0  |P| = 0
Px = 0  Py = 0  |P| = 0
Px = 0  Py = 0  |P| = 0
Px = 0  Py = 0  |P| = 0
Px = 0  Py = 0  |P| = 0
Px = 0  Py = 0  |P| = 0
Px = 0  Py = 0  |P| = 0
Px = 0  Py = 0  |P| = 0
Px = 0  Py = 0  |P| = 0
Px = 0  Py = 0  |P| = 0
Px = 0  Py = 0  |P| = 0
Px = 0  Py = 0  |P| = 0
Px = 0  Py = 0  |P| = 0
Px = 0  Py = 0  |P| = 0
Px = 0  Py = 0  |P| = 0
Px = 0  Py = 0  |P| = 0
Px = 0  Py = 0  |P| = 0
Px = 0  Py = 0  |P| = 0
Px = 0  Py = 0  |P| = 0
Px = 0  Py = 0  |P| = 0
Px = 0  Py = 0  |P| = 0
Px = 0  Py = 0  |P| = 0
Px = 0  Py = 0  |P| = 0
Px = 0  Py = 0  |P| = 0
Px = 0  Py = 0  |P| = 0
Px = 0  Py = 0  |P| = 0
Px = 0  Py = 0  |P| = 0
Px = 0  Py = 0  |P| = 0
Px = 0  Py = 0  |P| = 0
Px = 0  Py = 0  |P| = 0
Px = 0  Py = 0  |P| = 0
Px = 0  Py = 0  |P| = 0
Px = 0  Py = 0  |P| = 0
Px = 0  Py = 0  |P| = 0
Px = 0  Py = 0  |P| = 0
Px = 0  Py = 0  |P| = 0
Px = 0  Py = 0  |P| = 0
Px = 0  Py = 0  |P| = 0
Px = 0  Py = 0  |P| = 0
Px = 0  Py = 0  |P| = 0
Px = 0  Py = 0  |P| = 0
Px = 0  Py = 0  |P| = 0
Px = 0  Py = 0  |P| = 0
Px = 0  Py = 0  |P| = 0
Px = 0  Py = 0  |P| = 0
Px = 0  Py = 0  |P| = 0
Px = 0  Py = 0  |P| = 0
Px = 0  Py = 0  |P| = 0
Px = 0  Py = 0  |P| = 0
Px = 0  Py = 0  |P| = 0
Px = 0  Py = 0  |P| = 0
Px = 0  Py = 0  |P| = 0
Px = 0  Py = 0  |P| = 0
Px = 0  Py = 0  |P| = 0
Px = 0  Py = 0  |P| = 0
Px = 0  Py = 0  |P| = 0
Px = 0  Py = 0  |P| = 0
Px = 0  Py = 0  |P| = 0
Px = 0  Py = 0  |P| = 0
Px = 0  Py = 0  |P| = 0
Px = 0  Py = 0  |P| = 0
Px = 0  Py = 0  |P| = 0
Px = 0  Py = 0  |P| = 0
Px = 0  Py = 0  |P| = 0
Px = 0  Py = 0  |P| = 0
Px = 0  Py = 0  |P| = 0
Px = 0  Py = 0  |P| = 0
Px = 0  Py = 0  |P| = 0
Px = 0  Py = 0  |P| = 0
Px = 0  Py = 0  |P| = 0
Px = 0  Py = 0  |P| = 0
Px = 0  Py = 0  |P| = 0
Px = 0  Py = 0  |P| = 0
Px = 0  Py = 0  |P| = 0
Px = 0  Py = 0  |P| = 0
Px = 0  Py = 0  |P| = 0
Px = 0  Py = 0  |P| = 0
Px = 0  Py = 0  |P| = 0
Px = 0  Py = 0  |P| = 0
Px = 0  Py = 0  |P| = 0
Px = 0  Py = 0  |P| = 0
Px = 0  Py = 0  |P| = 0
Px = 0  Py = 0  |P| = 0
Px = 0  Py = 0  |P| = 0
Px = 0  Py = 0  |P| = 0
Px = 0  Py = 0  |P| = 0
Px = 0  Py = 0  |P| = 0
Px = 0  Py = 0  |P| = 0
Px = 0  Py = 0  |P| = 0
Px = 0  Py = 0  |P| = 0
Px = 0  Py = 0  |P| = 0
Px = 0  Py = 0  |P| = 0
Px = 0  Py = 0  |P| = 0
Px = 0  Py = 0  |P| = 0
Px = 0  Py = 0  |P| = 0
Px = 0  Py = 0  |P| = 0
Px = 0  Py = 0  |P| = 0
Px = 0  Py = 0  |P| = 0
Px = 0  Py = 0  |P| = 0
Px = 0  Py = 0  |P| = 0
Px = 0  Py = 0  |P| = 0
Px = 0  Py = 0  |P| = 0
Px = 0  Py = 0  |P| = 0
Px = 0  Py = 0  |P| = 0
Px = 0  Py = 0  |P| = 0
Px = 0  Py = 0  |P| = 0
Px = 0  Py = 0  |P| = 0
Px = 0  Py = 0  |P| = 0
Px = 0  Py = 0  |P| = 0
Px = 0  Py = 0  |P| = 0
Px = 0  Py = 0  |P| = 0
Px = 0  Py = 0  |P| = 0
Px = 0  Py = 0  |P| = 0
Px = 0  Py = 0  |P| = 0
Px = 0  Py = 0  |P| = 0
Px = 0  Py = 0  |P| = 0
Px = 0  Py = 0  |P| = 0
Px = 0  Py = 0  |P| = 0
Px = 0  Py = 0  |P| = 0
Px = 0  Py = 0  |P| = 0
Px = 0  Py = 0  |P| = 0
Px = 0  Py = 0  |P| = 0
Px = 0  Py = 0  |P| = 0
Px = 0  Py = 0  |P| = 0
Px = 0  Py = 0  |P| = 0
Px = 0  Py = 0  |P| = 0
Px = 0  Py = 0  |P| = 0
Px = 0  Py = 0  |P| = 0
Px = 0  Py = 0  |P| = 0
Px = 0  Py = 0  |P| = 0
Px = 0  Py = 0  |P| = 0
Px = 0  Py = 0  |P| = 0
Px = 0  Py = 0  |P| = 0
Px = 0  Py = 0  |P| = 0
Px = 0  Py = 0  |P| = 0
Px = 0  Py = 0  |P| = 0
Px = 0  Py = 0  |P| = 0
Px = 0  Py = 0  |P| = 0
Px = 0  Py = 0  |P| = 0
Px = 0  Py = 0  |P| = 0
Px = 0  Py = 0  |P| = 0
Px = 0  Py = 0  |P| = 0
Px = 0  Py = 0  |P| = 0
Px = 0  Py = 0  |P| = 0
Px = 0  Py = 0  |P| = 0
Px = 0  Py = 0  |P| = 0
Px = 0  Py = 0  |P| = 0
Px = 0  Py = 0  |P| = 0
Px = 0  Py = 0  |P| = 0
Px = 0  Py = 0  |P| = 0
Px = 0  Py = 0  |P| = 0
Px = 0  Py = 0  |P| = 0
Px = 0  Py = 0  |P| = 0
Px = 0  Py = 0  |P| = 0
Px = 0  Py = 0  |P| = 0
Px = 0  Py = 0  |P| = 0
Px = 0  Py = 0  |P| = 0
Px = 0  Py = 0  |P| = 0
Px = 0  Py = 0  |P| = 0
Px = 0  Py = 0  |P| = 0
Px = 0  Py = 0  |P| = 0
Px = 0  Py = 0  |P| = 0
Px = 0  Py = 0  |P| = 0
Px = 0  Py = 0  |P| = 0
Px = 0  Py = 0  |P| = 0
Px = 0  Py = 0  |P| = 0
Px = 0  Py = 0  |P| = 0
Px = 0  Py = 0  |P| = 0
Px = 0  Py = 0  |P| = 0
Px = 0  Py = 0  |P| = 0
Px = 0  Py = 0  |P| = 0
Px = 0  Py = 0  |P| = 0
Px = 0  Py = 0  |P| = 0
Px = 0  Py = 0  |P| = 0
Px = 0  Py = 0  |P| = 0
Px = 0  Py = 0  |P| = 0
Px = 0  Py = 0  |P| = 0
Px = 0  Py = 0  |P| = 0
Px = 0  Py = 0  |P| = 0
Px = 0  Py = 0  |P| = 0
Px = 0  Py = 0  |P| = 0
Px = 0  Py = 0  |P| = 0
Px = 0  Py = 0  |P| = 0
Px = 0  Py = 0  |P| = 0
Px = 0  Py = 0  |P| = 0
Px = 0  Py = 0  |P| = 0
Px = 0  Py = 0  |P| = 0
Px = 0  Py = 0  |P| = 0
Px = 0  Py = 0  |P| = 0
Px = 0  Py = 0  |P| = 0
Px = 0  Py = 0  |P| = 0
Px = 0  Py = 0  |P| = 0
Px = 0  Py = 0  |P| = 0
Px = 0  Py = 0  |P| = 0
Px = 0  Py = 0  |P| = 0
Px = 0  Py = 0  |P| = 0
Px = 0  Py = 0  |P| = 0
Px = 0  Py = 0  |P| = 0
Px = 0  Py = 0  |P| = 0
Px = 0  Py = 0  |P| = 0
Px = 0  Py = 0  |P| = 0
Px = 0  Py = 0  |P| = 0
Px = 0  Py = 0  |P| = 0
Px = 0  Py = 0  |P| = 0
Px = 0  Py = 0  |P| = 0
Px = 0  Py = 0  |P| = 0
Px = 0  Py = 0  |P| = 0
Px = 0  Py = 0  |P| = 0
Px = 0  Py = 0  |P| = 0
Px = 0  Py = 0  |P| = 0
Px = 0  Py = 0  |P| = 0
Px = 0  Py = 0  |P| = 0
Px = 0  Py = 0  |P| = 0
Px = 0  Py = 0  |P| = 0
Px = 0  Py = 0  |P| = 0
Px = 0  Py = 0  |P| = 0
Px = 0  Py = 0  |P| = 0
Px = 0  Py = 0  |P| = 0
Px = 0  Py = 0  |P| = 0
Px = 0  Py = 0  |P| = 0
Px = 0  Py = 0  |P| = 0
Px = 0  Py = 0  |P| = 0
Px = 0  Py = 0  |P| = 0
Px = 0  Py = 0  |P| = 0
Px = 0  Py = 0  |P| = 0
Px = 0  Py = 0  |P| = 0
Px = 0  Py = 0  |P| = 0
Px = 0  Py = 0  |P| = 0
Px = 0  Py = 0  |P| = 0
Px = 0  Py = 0  |P| = 0
Px = 0  Py = 0  |P| = 0
Px = 0  Py = 0  |P| = 0
Px = 0  Py = 0  |P| = 0
Px = 0  Py = 0  |P| = 0
Px = 0  Py = 0  |P| = 0
Px = 0  Py = 0  |P| = 0
Px = 0  Py = 0  |P| = 0
Px = 0  Py = 0  |P| = 0
Px = 0  Py = 0  |P| = 0
Px = 0  Py = 0  |P| = 0
Px = 0  Py = 0  |P| = 0
Px = 0  Py = 0  |P| = 0
Px = 0  Py = 0  |P| = 0
Px = 0  Py = 0  |P| = 0
Px = 0  Py = 0  |P| = 0
Px = 0  Py = 0  |P| = 0
Px = 0  Py = 0  |P| = 0
Px = 0  Py = 0  |P| = 0
Px = 0  Py = 0  |P| = 0
Px = 0  Py = 0  |P| = 0
Px = 0  Py = 0  |P| = 0
Px = 0  Py = 0  |P| = 0
Px = 0  Py = 0  |P| = 0
Px = 0  Py = 0  |P| = 0
Px = 0  Py = 0  |P| = 0
Px = 0  Py = 0  |P| = 0
Px = 0  Py = 0  |P| = 0
Px = 0  Py = 0  |P| = 0
Px = 0  Py = 0  |P| = 0
Px = 0  Py = 0  |P| = 0
Px = 0  Py = 0  |P| = 0
Px = 0  Py = 0  |P| = 0
Px = 0  Py = 0  |P| = 0
Px = 0  Py = 0  |P| = 0
Px = 0  Py = 0  |P| = 0
Px = 0  Py = 0  |P| = 0
Px = 0  Py = 0  |P| = 0
Px = 0  Py = 0  |P| = 0
Px = 0  Py = 0  |P| = 0
Px = 0  Py = 0  |P| = 0
Px = 0  Py = 0  |P| = 0
Px = 0  Py = 0  |P| = 0
Px = 0  Py = 0  |P| = 0
Px = 0  Py = 0  |P| = 0
Px = 0  Py = 0  |P| = 0
Px = 0  Py = 0  |P| = 0
Px = 0  Py = 0  |P| = 0
Px = 0  Py = 0  |P| = 0
Px = 0  Py = 0  |P| = 0
Px = 0  Py = 0  |P| = 0
Px = 0  Py = 0  |P| = 0
Px = 0  Py = 0  |P| = 0
Px = 0  Py = 0  |P| = 0
Px = 0  Py = 0  |P| = 0
Px = 0  Py = 0  |P| = 0
Px = 0  Py = 0  |P| = 0
Px = 0  Py = 0  |P| = 0
Px = 0  Py = 0  |P| = 0
Px = 0  Py = 0  |P| = 0
Px = 0  Py = 0  |P| = 0
Px = 0  Py = 0  |P| = 0
Px = 0  Py = 0  |P| = 0
Px = 0  Py = 0  |P| = 0
Px = 0  Py = 0  |P| = 0
Px = 0  Py = 0  |P| = 0
Px = 0  Py = 0  |P| = 0
Px = 0  Py = 0  |P| = 0
Px = 0  Py = 0  |P| = 0
Px = 0  Py = 0  |P| = 0
Px = 0  Py = 0  |P| = 0
Px = 0  Py = 0  |P| = 0
Px = 0  Py = 0  |P| = 0
Px = 0  Py = 0  |P| = 0
Px = 0  Py = 0  |P| = 0
Px = 0  Py = 0  |P| = 0
Px = 0  Py = 0  |P| = 0
Px = 0  Py = 0  |P| = 0
Px = 0  Py = 0  |P| = 0
Px = 0  Py = 0  |P| = 0
Px = 0  Py = 0  |P| = 0
Px = 0  Py = 0  |P| = 0
Px = 0  Py = 0  |P| = 0
Px = 0  Py = 0  |P| = 0
Px = 0  Py = 0  |P| = 0
Px = 0  Py = 0  |P| = 0
Px = 0  Py = 0  |P| = 0
Px = 0  Py = 0  |P| = 0
Px = 0  Py = 0  |P| = 0
Px = 0  Py = 0  |P| = 0
Px = 0  Py = 0  |P| = 0
Px = 0  Py = 0  |P| = 0
Px = 0  Py = 0  |P| = 0
Px = 0  Py = 0  |P| = 0
Px = 0  Py = 0  |P| = 0
Px = 0  Py = 0  |P| = 0
Px = 0  Py = 0  |P| = 0
Px = 0  Py = 0  |P| = 0
Px = 0  Py = 0  |P| = 0
Px = 0  Py = 0  |P| = 0
Px = 0  Py = 0  |P| = 0
Px = 0  Py = 0  |P| = 0
Px = 0  Py = 0  |P| = 0
Px = 0  Py = 0  |P| = 0
Px = 0  Py = 0  |P| = 0
Px = 0  Py = 0  |P| = 0
Px = 0  Py = 0  |P| = 0
Px = 0  Py = 0  |P| = 0
Px = 0  Py = 0  |P| = 0
Px = 0  Py = 0  |P| = 0
Px = 0  Py = 0  |P| = 0
Px = 0  Py = 0  |P| = 0
Px = 0  Py = 0  |P| = 0
Px = 0  Py = 0  |P| = 0
Px = 0  Py = 0  |P| = 0
Px = 0  Py = 0  |P| = 0
Px = 0  Py = 0  |P| = 0
Px = 0  Py = 0  |P| = 0
Px = 0  Py = 0  |P| = 0
Px = 0  Py = 0  |P| = 0
Px = 0  Py = 0  |P| = 0
Px = 0  Py = 0  |P| = 0
Px = 0  Py = 0  |P| = 0
Px = 0  Py = 0  |P| = 0
Px = 0  Py = 0  |P| = 0
Px = 0  Py = 0  |P| = 0
Px = 0  Py = 0  |P| = 0
Px = 0  Py = 0  |P| = 0
Px = 0  Py = 0  |P| = 0
Px = 0  Py = 0  |P| = 0
Px = 0  Py = 0  |P| = 0
Px = 0  Py = 0  |P| = 0
Px = 0  Py = 0  |P| = 0
Px = 0  Py = 0  |P| = 0
Px = 0  Py = 0  |P| = 0
Px = 0  Py = 0  |P| = 0
Px = 0  Py = 0  |P| = 0
Px = 0  Py = 0  |P| = 0
Px = 0  Py = 0  |P| = 0
Px = 0  Py = 0  |P| = 0
Px = 0  Py = 0  |P| = 0
Px = 0  Py = 0  |P| = 0
Px = 0  Py = 0  |P| = 0
Px = 0  Py = 0  |P| = 0
Px = 0  Py = 0  |P| = 0
Px = 0  Py = 0  |P| = 0
Px = 0  Py = 0  |P| = 0
Px = 0  Py = 0  |P| = 0
Px = 0  Py = 0  |P| = 0
Px = 0  Py = 0  |P| = 0
Px = 0  Py = 0  |P| = 0
Px = 0  Py = 0  |P| = 0
Px = 0  Py = 0  |P| = 0
Px = 0  Py = 0  |P| = 0
Px = 0  Py = 0  |P| = 0
Px = 0  Py = 0  |P| = 0
Px = 0  Py = 0  |P| = 0
Px = 0  Py = 0  |P| = 0
Px = 0  Py = 0  |P| = 0
Px = 0  Py = 0  |P| = 0
Px = 0  Py = 0  |P| = 0
Px = 0  Py = 0  |P| = 0
Px = 0  Py = 0  |P| = 0
Px = 0  Py = 0  |P| = 0
Px = 0  Py = 0  |P| = 0
Px = 0  Py = 0  |P| = 0
Px = 0  Py = 0  |P| = 0
Px = 0  Py = 0  |P| = 0
Px = 0  Py = 0  |P| = 0
Px = 0  Py = 0  |P| = 0
Px = 0  Py = 0  |P| = 0
Px = 0  Py = 0  |P| = 0
Px = 0  Py = 0  |P| = 0
Px = 0  Py = 0  |P| = 0
Px = 0  Py = 0  |P| = 0
Px = 0  Py = 0  |P| = 0
Px = 0  Py = 0  |P| = 0
Px = 0  Py = 0  |P| = 0
Px = 0  Py = 0  |P| = 0
Px = 0  Py = 0  |P| = 0
Px = 0  Py = 0  |P| = 0
Px = 0  Py = 0  |P| = 0
Px = 0  Py = 0  |P| = 0
Px = 0  Py = 0  |P| = 0
Px = 0  Py = 0  |P| = 0
Px = 0  Py = 0  |P| = 0
Px = 0  Py = 0  |P| = 0
Px = 0  Py = 0  |P| = 0
Px = 0  Py = 0  |P| = 0
Px = 0  Py = 0  |P| = 0
Px = 0  Py = 0  |P| = 0
Px = 0  Py = 0  |P| = 0
Px = 0  Py = 0  |P| = 0
Px = 0  Py = 0  |P| = 0
Px = 0  Py = 0  |P| = 0
Px = 0  Py = 0  |P| = 0
Px = 0  Py = 0  |P| = 0
Px = 0  Py = 0  |P| = 0
Px = 0  Py = 0  |P| = 0
Px = 0  Py = 0  |P| = 0
Px = 0  Py = 0  |P| = 0
Px = 0  Py = 0  |P| = 0
Px = 0  Py = 0  |P| = 0
Px = 0  Py = 0  |P| = 0
Px = 0  Py = 0  |P| = 0
Px = 0  Py = 0  |P| = 0
Px = 0  Py = 0  |P| = 0
Px = 0  Py = 0  |P| = 0
Px = 0  Py = 0  |P| = 0
Px = 0  Py = 0  |P| = 0
Px = 0  Py = 0  |P| = 0
Px = 0  Py = 0  |P| = 0
Px = 0  Py = 0  |P| = 0
Px = 0  Py = 0  |P| = 0
Px = 0  Py = 0  |P| = 0
Px = 0  Py = 0  |P| = 0
Px = 0  Py = 0  |P| = 0
Px = 0  Py = 0  |P| = 0
Px = 0  Py = 0  |P| = 0
Px = 0  Py = 0  |P| = 0
Px = 0  Py = 0  |P| = 0
Px = 0  Py = 0  |P| = 0
Px = 0  Py = 0  |P| = 0
Px = 0  Py = 0  |P| = 0
Px = 0  Py = 0  |P| = 0
Px = 0  Py = 0  |P| = 0
Px = 0  Py = 0  |P| = 0
Px = 0  Py = 0  |P| = 0
Px = 0  Py = 0  |P| = 0
Px = 0  Py = 0  |P| = 0
Px = 0  Py = 0  |P| = 0
Px = 0  Py = 0  |P| = 0
Px = 0  Py = 0  |P| = 0
Px = 0  Py = 0  |P| = 0
Px = 0  Py = 0  |P| = 0
Px = 0  Py = 0  |P| = 0
Px = 0  Py = 0  |P| = 0
Px = 0  Py = 0  |P| = 0
Px = 0  Py = 0  |P| = 0
Px = 0  Py = 0  |P| = 0
Px = 0  Py = 0  |P| = 0
Px = 0  Py = 0  |P| = 0
Px = 0  Py = 0  |P| = 0
Px = 0  Py = 0  |P| = 0
Px = 0  Py = 0  |P| = 0
Px = 0  Py = 0  |P| = 0
Px = 0  Py = 0  |P| = 0
Px = 0  Py = 0  |P| = 0
Px = 0  Py = 0  |P| = 0
Px = 0  Py = 0  |P| = 0
Px = 0  Py = 0  |P| = 0
Px = 0  Py = 0  |P| = 0
Px = 0  Py = 0  |P| = 0
Px = 0  Py = 0  |P| = 0
Px = 0  Py = 0  |P| = 0
Px = 0  Py = 0  |P| = 0
Px = 0  Py = 0  |P| = 0
Px = 0  Py = 0  |P| = 0
Px = 0  Py = 0  |P| = 0
Px = 0  Py = 0  |P| = 0
Px = 0  Py = 0  |P| = 0
Px = 0  Py = 0  |P| = 0
Px = 0  Py = 0  |P| = 0
Px = 0  Py = 0  |P| = 0
Px = 0  Py = 0  |P| = 0
Px = 0  Py = 0  |P| = 0
Px = 0  Py = 0  |P| = 0
Px = 0  Py = 0  |P| = 0
Px = 0  Py = 0  |P| = 0
Px = 0  Py = 0  |P| = 0
Px = 0  Py = 0  |P| = 0
Px = 0  Py = 0  |P| = 0
Px = 0  Py = 0  |P| = 0
Px = 0  Py = 0  |P| = 0
Px = 0  Py = 0  |P| = 0
Px = 0  Py = 0  |P| = 0
Px = 0  Py = 0  |P| = 0
Px = 0  Py = 0  |P| = 0
Px = 0  Py = 0  |P| = 0
Px = 0  Py = 0  |P| = 0
Px = 0  Py = 0  |P| = 0
Px = 0  Py = 0  |P| = 0
Px = 0  Py = 0  |P| = 0
Px = 0  Py = 0  |P| = 0
Px = 0  Py = 0  |P| = 0
Px = 0  Py = 0  |P| = 0
Px = 0  Py = 0  |P| = 0
Px = 0  Py = 0  |P| = 0
Px = 0  Py = 0  |P| = 0
Px = 0  Py = 0  |P| = 0
Px = 0  Py = 0  |P| = 0
Px = 0  Py = 0  |P| = 0
Px = 0  Py = 0  |P| = 0
Px = 0  Py = 0  |P| = 0
Px = 0  Py = 0  |P| = 0
Px = 0  Py = 0  |P| = 0
Px = 0  Py = 0  |P| = 0
Px = 0  Py = 0  |P| = 0
Px = 0  Py = 0  |P| = 0
Px = 0  Py = 0  |P| = 0
Px = 0  Py = 0  |P| = 0
Px = 0  Py = 0  |P| = 0
Px = 0  Py = 0  |P| = 0
Px = 0  Py = 0  |P| = 0
Px = 0  Py = 0  |P| = 0
Px = 0  Py = 0  |P| = 0
Px = 0  Py = 0  |P| = 0
Px = 0  Py = 0  |P| = 0
Px = 0  Py = 0  |P| = 0
Px = 0  Py = 0  |P| = 0
Px = 0  Py = 0  |P| = 0
Px = 0  Py = 0  |P| = 0
Px = 0  Py = 0  |P| = 0
Px = 0  Py = 0  |P| = 0
Px = 0  Py = 0  |P| = 0
Px = 0  Py = 0  |P| = 0
Px = 0  Py = 0  |P| = 0
Px = 0  Py = 0  |P| = 0
Px = 0  Py = 0  |P| = 0
Px = 0  Py = 0  |P| = 0
Px = 0  Py = 0  |P| = 0
Px = 0  Py = 0  |P| = 0
Px = 0  Py = 0  |P| = 0
Px = 0  Py = 0  |P| = 0
Px = 0  Py = 0  |P| = 0
Px = 0  Py = 0  |P| = 0
Px = 0  Py = 0  |P| = 0
Px = 0  Py = 0  |P| = 0
Px = 0  Py = 0  |P| = 0
Px = 0  Py = 0  |P| = 0
Px = 0  Py = 0  |P| = 0
Px = 0  Py = 0  |P| = 0
Px = 0  Py = 0  |P| = 0
Px = 0  Py = 0  |P| = 0
Px = 0  Py = 0  |P| = 0
Px = 0  Py = 0  |P| = 0
Px = 0  Py = 0  |P| = 0
Px = 0  Py = 0  |P| = 0
Px = 0  Py = 0  |P| = 0
Px = 0  Py = 0  |P| = 0
Px = 0  Py = 0  |P| = 0
Px = 0  Py = 0  |P| = 0
Px = 0  Py = 0  |P| = 0
Px = 0  Py = 0  |P| = 0
Px = 0  Py = 0  |P| = 0
Px = 0  Py = 0  |P| = 0
Px = 0  Py = 0  |P| = 0
Px = 0  Py = 0  |P| = 0
Px = 0  Py = 0  |P| = 0
Px = 0  Py = 0  |P| = 0
Px = 0  Py = 0  |P| = 0
Px = 0  Py = 0  |P| = 0
Px = 0  Py = 0  |P| = 0
Px = 0  Py = 0  |P| = 0
Px = 0  Py = 0  |P| = 0
Px = 0  Py = 0  |P| = 0
Px = 0  Py = 0  |P| = 0
Px = 0  Py = 0  |P| = 0
Px = 0  Py = 0  |P| = 0
Px = 0  Py = 0  |P| = 0
Px = 0  Py = 0  |P| = 0
Px = 0  Py = 0  |P| = 0
Px = 0  Py = 0  |P| = 0
Px = 0  Py = 0  |P| = 0
Px = 0  Py = 0  |P| = 0
Px = 0  Py = 0  |P| = 0
Px = 0  Py = 0  |P| = 0
Px = 0  Py = 0  |P| = 0
Px = 0  Py = 0  |P| = 0
Px = 0  Py = 0  |P| = 0
Px = 0  Py = 0  |P| = 0
Px = 0  Py = 0  |P| = 0
Px = 0  Py = 0  |P| = 0
Px = 0  Py = 0  |P| = 0
Px = 0  Py = 0  |P| = 0
Px = 0  Py = 0  |P| = 0
Px = 0  Py = 0  |P| = 0
Px = 0  Py = 0  |P| = 0
Px = 0  Py = 0  |P| = 0
Px = 0  Py = 0  |P| = 0
Px = 0  Py = 0  |P| = 0
Px = 0  Py = 0  |P| = 0
Px = 0  Py = 0  |P| = 0
Px = 0  Py = 0  |P| = 0
Px = 0  Py = 0  |P| = 0
Px = 0  Py = 0  |P| = 0
Px = 0  Py = 0  |P| = 0
Px = 0  Py = 0  |P| = 0
Px = 0  Py = 0  |P| = 0
Px = 0  Py = 0  |P| = 0
Px = 0  Py = 0  |P| = 0
Px = 0  Py = 0  |P| = 0
Px = 0  Py = 0  |P| = 0
Px = 0  Py = 0  |P| = 0
Px = 0  Py = 0  |P| = 0
Px = 0  Py = 0  |P| = 0
Px = 0  Py = 0  |P| = 0
Px = 0  Py = 0  |P| = 0
Px = 0  Py = 0  |P| = 0
Px = 0  Py = 0  |P| = 0
Px = 0  Py = 0  |P| = 0
Px = 0  Py = 0  |P| = 0
Px = 0  Py = 0  |P| = 0
Px = 0  Py = 0  |P| = 0
Px = 0  Py = 0  |P| = 0
Px = 0  Py = 0  |P| = 0
Px = 0  Py = 0  |P| = 0
Px = 0  Py = 0  |P| = 0
Px = 0  Py = 0  |P| = 0
Px = 0  Py = 0  |P| = 0
Px = 0  Py = 0  |P| = 0
Px = 0  Py = 0  |P| = 0
Px = 0  Py = 0  |P| = 0
Px = 0  Py = 0  |P| = 0
Px = 0  Py = 0  |P| = 0
Px = 0  Py = 0  |P| = 0
Px = 0  Py = 0  |P| = 0
Px = 0  Py = 0  |P| = 0
Px = 0  Py = 0  |P| = 0
Px = 0  Py = 0  |P| = 0
Px = 0  Py = 0  |P| = 0
Px = 0  Py = 0  |P| = 0
Px = 0  Py = 0  |P| = 0
Px = 0  Py = 0  |P| = 0
Px = 0  Py = 0  |P| = 0
Px = 0  Py = 0  |P| = 0
Px = 0  Py = 0  |P| = 0
Px = 0  Py = 0  |P| = 0
Px = 0  Py = 0  |P| = 0
Px = 0  Py = 0  |P| = 0
Px = 0  Py = 0  |P| = 0
Px = 0  Py = 0  |P| = 0
Px = 0  Py = 0  |P| = 0
Px = 0  Py = 0  |P| = 0
Px = 0  Py = 0  |P| = 0
Px = 0  Py = 0  |P| = 0
Px = 0  Py = 0  |P| = 0
Px = 0  Py = 0  |P| = 0
Px = 0  Py = 0  |P| = 0
Px = 0  Py = 0  |P| = 0
Px = 0  Py = 0  |P| = 0
Px = 0  Py = 0  |P| = 0
Px = 0  Py = 0  |P| = 0
Px = 0  Py = 0  |P| = 0
Px = 0  Py = 0  |P| = 0
Px = 0  Py = 0  |P| = 0
Px = 0  Py = 0  |P| = 0
Px = 0  Py = 0  |P| = 0
Px = 0  Py = 0  |P| = 0
Px = 0  Py = 0  |P| = 0
Px = 0  Py = 0  |P| = 0
Px = 0  Py = 0  |P| = 0
Px = 0  Py = 0  |P| = 0
Px = 0  Py = 0  |P| = 0
Px = 0  Py = 0  |P| = 0
Px = 0  Py = 0  |P| = 0
Px = 0  Py = 0  |P| = 0
Px = 0  Py = 0  |P| = 0
Px = 0  Py = 0  |P| = 0
Px = 0  Py = 0  |P| = 0
Px = 0  Py = 0  |P| = 0
Px = 0  Py = 0  |P| = 0
Px = 0  Py = 0  |P| = 0
Px = 0  Py = 0  |P| = 0
Px = 0  Py = 0  |P| = 0
Px = 0  Py = 0  |P| = 0
Px = 0  Py = 0  |P| = 0
Px = 0  Py = 0  |P| = 0
Px = 0  Py = 0  |P| = 0
Px = 0  Py = 0  |P| = 0
Px = 0  Py = 0  |P| = 0
Px = 0  Py = 0  |P| = 0
Px = 0  Py = 0  |P| = 0
Px = 0  Py = 0  |P| = 0
Px = 0  Py = 0  |P| = 0
Px = 0  Py = 0  |P| = 0
Px = 0  Py = 0  |P| = 0
Px = 0  Py = 0  |P| = 0
Px = 0  Py = 0  |P| = 0
Px = 0  Py = 0  |P| = 0
Px = 0  Py = 0  |P| = 0
Px = 0  Py = 0  |P| = 0
Px = 0  Py = 0  |P| = 0
Px = 0  Py = 0  |P| = 0
Px = 0  Py = 0  |P| = 0
Px = 0  Py = 0  |P| = 0
Px = 0  Py = 0  |P| = 0
Px = 0  Py = 0  |P| = 0
Px = 0  Py = 0  |P| = 0
Px = 0  Py = 0  |P| = 0
Px = 0  Py = 0  |P| = 0
Px = 0  Py = 0  |P| = 0
Px = 0  Py = 0  |P| = 0
Px = 0  Py = 0  |P| = 0
Px = 0  Py = 0  |P| = 0
Px = 0  Py = 0  |P| = 0
Px = 0  Py = 0  |P| = 0
Px = 0  Py = 0  |P| = 0
Px = 0  Py = 0  |P| = 0
Px = 0  Py = 0  |P| = 0
Px = 0  Py = 0  |P| = 0
Px = 0  Py = 0  |P| = 0
Px = 0  Py = 0  |P| = 0
Px = 0  Py = 0  |P| = 0
Px = 0  Py = 0  |P| = 0
Px = 0  Py = 0  |P| = 0
Px = 0  Py = 0  |P| = 0
Px = 0  Py = 0  |P| = 0
Px = 0  Py = 0  |P| = 0
Px = 0  Py = 0  |P| = 0
Px = 0  Py = 0  |P| = 0
Px = 0  Py = 0  |P| = 0
Px = 0  Py = 0  |P| = 0
Px = 0  Py = 0  |P| = 0
Px = 0  Py = 0  |P| = 0
Px = 0  Py = 0  |P| = 0
Px = 0  Py = 0  |P| = 0
Px = 0  Py = 0  |P| = 0
Px = 0  Py = 0  |P| = 0
Px = 0  Py = 0  |P| = 0
Px = 0  Py = 0  |P| = 0
Px = 0  Py = 0  |P| = 0
Px = 0  Py = 0  |P| = 0
Px = 0  Py = 0  |P| = 0
Px = 0  Py = 0  |P| = 0
Px = 0  Py = 0  |P| = 0
Px = 0  Py = 0  |P| = 0
Px = 0  Py = 0  |P| = 0
Px = 0  Py = 0  |P| = 0
Px = 0  Py = 0  |P| = 0
Px = 0  Py = 0  |P| = 0
Px = 0  Py = 0  |P| = 0
Px = 0  Py = 0  |P| = 0
Px = 0  Py = 0  |P| = 0
Px = 0  Py = 0  |P| = 0
Px = 0  Py = 0  |P| = 0
Px = 0  Py = 0  |P| = 0
Px = 0  Py = 0  |P| = 0
Px = 0  Py = 0  |P| = 0
Px = 0  Py = 0  |P| = 0
Px = 0  Py = 0  |P| = 0
Px = 0  Py = 0  |P| = 0
Px = 0  Py = 0  |P| = 0
Px = 0  Py = 0  |P| = 0
Px = 0  Py = 0  |P| = 0
Px = 0  Py = 0  |P| = 0
Px = 0  Py = 0  |P| = 0
Px = 0  Py = 0  |P| = 0
Px = 0  Py = 0  |P| = 0
Px = 0  Py = 0  |P| = 0
Px = 0  Py = 0  |P| = 0
Px = 0  Py = 0  |P| = 0
Px = 0  Py = 0  |P| = 0
Px = 0  Py = 0  |P| = 0
Px = 0  Py = 0  |P| = 0
Px = 0  Py = 0  |P| = 0
Px = 0  Py = 0  |P| = 0
Px = 0  Py = 0  |P| = 0
Px = 0  Py = 0  |P| = 0
Px = 0  Py = 0  |P| = 0
Px = 0  Py = 0  |P| = 0
Px = 0  Py = 0  |P| = 0
Px = 0  Py = 0  |P| = 0
Px = 0  Py = 0  |P| = 0
Px = 0  Py = 0  |P| = 0
Px = 0  Py = 0  |P| = 0
Px = 0  Py = 0  |P| = 0
Px = 0  Py = 0  |P| = 0
Px = 0  Py = 0  |P| = 0
Px = 0  Py = 0  |P| = 0
Px = 0  Py = 0  |P| = 0
Px = 0  Py = 0  |P| = 0
Px = 0  Py = 0  |P| = 0
Px = 0  Py = 0  |P| = 0
Px = 0  Py = 0  |P| = 0
Px = 0  Py = 0  |P| = 0
Px = 0  Py = 0  |P| = 0
Px = 0  Py = 0  |P| = 0
Px = 0  Py = 0  |P| = 0
Px = 0  Py = 0  |P| = 0
Px = 0  Py = 0  |P| = 0
Px = 0  Py = 0  |P| = 0
Px = 0  Py = 0  |P| = 0
Px = 0  Py = 0  |P| = 0
Px = 0  Py = 0  |P| = 0
Px = 0  Py = 0  |P| = 0
Px = 0  Py = 0  |P| = 0
Px = 0  Py = 0  |P| = 0
Px = 0  Py = 0  |P| = 0
Px = 0  Py = 0  |P| = 0
Px = 0  Py = 0  |P| = 0
Px = 0  Py = 0  |P| = 0
Px = 0  Py = 0  |P| = 0
Px = 0  Py = 0  |P| = 0
Px = 0  Py = 0  |P| = 0
Px = 0  Py = 0  |P| = 0
Px = 0  Py = 0  |P| = 0
Px = 0  Py = 0  |P| = 0
Px = 0  Py = 0  |P| = 0
Px = 0  Py = 0  |P| = 0
Px = 0  Py = 0  |P| = 0
Px = 0  Py = 0  |P| = 0
Px = 0  Py = 0  |P| = 0
Px = 0  Py = 0  |P| = 0
Px = 0  Py = 0  |P| = 0
Px = 0  Py = 0  |P| = 0
Px = 0  Py = 0  |P| = 0
Px = 0  Py = 0  |P| = 0
Px = 0  Py = 0  |P| = 0
Px = 0  Py = 0  |P| = 0
Px = 0  Py = 0  |P| = 0
Px = 0  Py = 0  |P| = 0
Px = 0  Py = 0  |P| = 0
Px = 0  Py = 0  |P| = 0
Px = 0  Py = 0  |P| = 0
Px = 0  Py = 0  |P| = 0
Px = 0  Py = 0  |P| = 0
Px = 0  Py = 0  |P| = 0
Px = 0  Py = 0  |P| = 0
Px = 0  Py = 0  |P| = 0
Px = 0  Py = 0  |P| = 0
Px = 0  Py = 0  |P| = 0
Px = 0  Py = 0  |P| = 0
Px = 0  Py = 0  |P| = 0
Px = 0  Py = 0  |P| = 0
Px = 0  Py = 0  |P| = 0
Px = 0  Py = 0  |P| = 0
Px = 0  Py = 0  |P| = 0
Px = 0  Py = 0  |P| = 0
Px = 0  Py = 0  |P| = 0
Px = 0  Py = 0  |P| = 0
Px = 0  Py = 0  |P| = 0
Px = 0  Py = 0  |P| = 0
Px = 0  Py = 0  |P| = 0
Px = 0  Py = 0  |P| = 0
Px = 0  Py = 0  |P| = 0
Px = 0  Py = 0  |P| = 0
Px = 0  Py = 0  |P| = 0
Px = 0  Py = 0  |P| = 0
Px = 0  Py = 0  |P| = 0
Px = 0  Py = 0  |P| = 0
Px = 0  Py = 0  |P| = 0
Px = 0  Py = 0  |P| = 0
Px = 0  Py = 0  |P| = 0
Px = 0  Py = 0  |P| = 0
Px = 0  Py = 0  |P| = 0
Px = 0  Py = 0  |P| = 0
Px = 0  Py = 0  |P| = 0
Px = 0  Py = 0  |P| = 0
Px = 0  Py = 0  |P| = 0
Px = 0  Py = 0  |P| = 0
Px = 0  Py = 0  |P| = 0
Px = 0  Py = 0  |P| = 0
Px = 0  Py = 0  |P| = 0
Px = 0  Py = 0  |P| = 0
Px = 0  Py = 0  |P| = 0
Px = 0  Py = 0  |P| = 0
Px = 0  Py = 0  |P| = 0
Px = 0  Py = 0  |P| = 0
Px = 0  Py = 0  |P| = 0
Px = 0  Py = 0  |P| = 0
Px = 0  Py = 0  |P| = 0
Px = 0  Py = 0  |P| = 0
Px = 0  Py = 0  |P| = 0
Px = 0  Py = 0  |P| = 0
Px = 0  Py = 0  |P| = 0
Px = 0  Py = 0  |P| = 0
Px = 0  Py = 0  |P| = 0
Px = 0  Py = 0  |P| = 0
Px = 0  Py = 0  |P| = 0
Px = 0  Py = 0  |P| = 0
Px = 0  Py = 0  |P| = 0
Px = 0  Py = 0  |P| = 0
Px = 0  Py = 0  |P| = 0
Px = 0  Py = 0  |P| = 0
Px = 0  Py = 0  |P| = 0
Px = 0  Py = 0  |P| = 0
Px = 0  Py = 0  |P| = 0
Px = 0  Py = 0  |P| = 0
Px = 0  Py = 0  |P| = 0
Px = 0  Py = 0  |P| = 0
Px = 0  Py = 0  |P| = 0
Px = 0  Py = 0  |P| = 0
Px = 0  Py = 0  |P| = 0
Px = 0  Py = 0  |P| = 0
Px = 0  Py = 0  |P| = 0
Px = 0  Py = 0  |P| = 0
Px = 0  Py = 0  |P| = 0
Px = 0  Py = 0  |P| = 0
Px = 0  Py = 0  |P| = 0
Px = 0  Py = 0  |P| = 0
Px = 0  Py = 0  |P| = 0
Px = 0  Py = 0  |P| = 0
Px = 0  Py = 0  |P| = 0
Px = 0  Py = 0  |P| = 0
Px = 0  Py = 0  |P| = 0
Px = 0  Py = 0  |P| = 0
Px = 0  Py = 0  |P| = 0
Px = 0  Py = 0  |P| = 0
Px = 0  Py = 0  |P| = 0
Px = 0  Py = 0  |P| = 0
Px = 0  Py = 0  |P| = 0
Px = 0  Py = 0  |P| = 0
Px = 0  Py = 0  |P| = 0
Px = 0  Py = 0  |P| = 0
Px = 0  Py = 0  |P| = 0
Px = 0  Py = 0  |P| = 0
Px = 0  Py = 0  |P| = 0
Px = 0  Py = 0  |P| = 0
Px = 0  Py = 0  |P| = 0
Px = 0  Py = 0  |P| = 0
Px = 0  Py = 0  |P| = 0
Px = 0  Py = 0  |P| = 0
Px = 0  Py = 0  |P| = 0
Px = 0  Py = 0  |P| = 0
Px = 0  Py = 0  |P| = 0
Px = 0  Py = 0  |P| = 0
Px = 0  Py = 0  |P| = 0
Px = 0  Py = 0  |P| = 0
Px = 0  Py = 0  |P| = 0
Px = 0  Py = 0  |P| = 0
Px = 0  Py = 0  |P| = 0
Px = 0  Py = 0  |P| = 0
Px = 0  Py = 0  |P| = 0
Px = 0  Py = 0  |P| = 0
Px = 0  Py = 0  |P| = 0
Px = 0  Py = 0  |P| = 0
Px = 0  Py = 0  |P| = 0
Px = 0  Py = 0  |P| = 0
Px = 0  Py = 0  |P| = 0
Px = 0  Py = 0  |P| = 0
Px = 0  Py = 0  |P| = 0
Px = 0  Py = 0  |P| = 0
Px = 0  Py = 0  |P| = 0
Px = 0  Py = 0  |P| = 0
Px = 0  Py = 0  |P| = 0
Px = 0  Py = 0  |P| = 0
Px = 0  Py = 0  |P| = 0
Px = 0  Py = 0  |P| = 0
Px = 0  Py = 0  |P| = 0
Px = 0  Py = 0  |P| = 0
Px = 0  Py = 0  |P| = 0
Px = 0  Py = 0  |P| = 0
Px = 0  Py = 0  |P| = 0
Px = 0  Py = 0  |P| = 0
Px = 0  Py = 0  |P| = 0
Px = 0  Py = 0  |P| = 0
Px = 0  Py = 0  |P| = 0
Px = 0  Py = 0  |P| = 0
Px = 0  Py = 0  |P| = 0
Px = 0  Py = 0  |P| = 0
Px = 0  Py = 0  |P| = 0
Px = 0  Py = 0  |P| = 0
Px = 0  Py = 0  |P| = 0
Px = 0  Py = 0  |P| = 0
Px = 0  Py = 0  |P| = 0
Px = 0  Py = 0  |P| = 0
Px = 0  Py = 0  |P| = 0
Px = 0  Py = 0  |P| = 0
Px = 0  Py = 0  |P| = 0
Px = 0  Py = 0  |P| = 0
Px = 0  Py = 0  |P| = 0
Px = 0  Py = 0  |P| = 0
Px = 0  Py = 0  |P| = 0
Px = 0  Py = 0  |P| = 0
Px = 0  Py = 0  |P| = 0
Px = 0  Py = 0  |P| = 0
Px = 0  Py = 0  |P| = 0
Px = 0  Py = 0  |P| = 0
Px = 0  Py = 0  |P| = 0
Px = 0  Py = 0  |P| = 0
Px = 0  Py = 0  |P| = 0
Px = 0  Py = 0  |P| = 0
Px = 0  Py = 0  |P| = 0
Px = 0  Py = 0  |P| = 0
Px = 0  Py = 0  |P| = 0
Px = 0  Py = 0  |P| = 0
Px = 0  Py = 0  |P| = 0
Px = 0  Py = 0  |P| = 0
Px = 0  Py = 0  |P| = 0
Px = 0  Py = 0  |P| = 0
Px = 0  Py = 0  |P| = 0
Px = 0  Py = 0  |P| = 0
Px = 0  Py = 0  |P| = 0
Px = 0  Py = 0  |P| = 0
Px = 0  Py = 0  |P| = 0
Px = 0  Py = 0  |P| = 0
Px = 0  Py = 0  |P| = 0
Px = 0  Py = 0  |P| = 0
Px = 0  Py = 0  |P| = 0
Px = 0  Py = 0  |P| = 0
Px = 0  Py = 0  |P| = 0
Px = 0  Py = 0  |P| = 0
Px = 0  Py = 0  |P| = 0
Px = 0  Py = 0  |P| = 0
Px = 0  Py = 0  |P| = 0
Px = 0  Py = 0  |P| = 0
Px = 0  Py = 0  |P| = 0
Px = 0  Py = 0  |P| = 0
Px = 0  Py = 0  |P| = 0
Px = 0  Py = 0  |P| = 0
Px = 0  Py = 0  |P| = 0
Px = 0  Py = 0  |P| = 0
Px = 0  Py = 0  |P| = 0
Px = 0  Py = 0  |P| = 0
Px = 0  Py = 0  |P| = 0
Px = 0  Py = 0  |P| = 0
Px = 0  Py = 0  |P| = 0
Px = 0  Py = 0  |P| = 0
Px = 0  Py = 0  |P| = 0
Px = 0  Py = 0  |P| = 0
Px = 0  Py = 0  |P| = 0
Px = 0  Py = 0  |P| = 0
Px = 0  Py = 0  |P| = 0
Px = 0  Py = 0  |P| = 0
Px = 0  Py = 0  |P| = 0
Px = 0  Py = 0  |P| = 0
Px = 0  Py = 0  |P| = 0
Px = 0  Py = 0  |P| = 0
Px = 0  Py = 0  |P| = 0
Px = 0  Py = 0  |P| = 0
Px = 0  Py = 0  |P| = 0
Px = 0  Py = 0  |P| = 0
Px = 0  Py = 0  |P| = 0
Px = 0  Py = 0  |P| = 0
Px = 0  Py = 0  |P| = 0
Px = 0  Py = 0  |P| = 0
Px = 0  Py = 0  |P| = 0
Px = 0  Py = 0  |P| = 0
Px = 0  Py = 0  |P| = 0
Px = 0  Py = 0  |P| = 0
Px = 0  Py = 0  |P| = 0
Px = 0  Py = 0  |P| = 0
Px = 0  Py = 0  |P| = 0
Px = 0  Py = 0  |P| = 0
Px = 0  Py = 0  |P| = 0
Px = 0  Py = 0  |P| = 0
Px = 0  Py = 0  |P| = 0
Px = 0  Py = 0  |P| = 0
Px = 0  Py = 0  |P| = 0
Px = 0  Py = 0  |P| = 0
Px = 0  Py = 0  |P| = 0
Px = 0  Py = 0  |P| = 0
Px = 0  Py = 0  |P| = 0
Px = 0  Py = 0  |P| = 0
Px = 0  Py = 0  |P| = 0
Px = 0  Py = 0  |P| = 0
Px = 0  Py = 0  |P| = 0
Px = 0  Py = 0  |P| = 0
Px = 0  Py = 0  |P| = 0
Px = 0  Py = 0  |P| = 0
Px = 0  Py = 0  |P| = 0
Px = 0  Py = 0  |P| = 0
Px = 0  Py = 0  |P| = 0
Px = 0  Py = 0  |P| = 0
Px = 0  Py = 0  |P| = 0
Px = 0  Py = 0  |P| = 0
Px = 0  Py = 0  |P| = 0
Px = 0  Py = 0  |P| = 0
Px = 0  Py = 0  |P| = 0
Px = 0  Py = 0  |P| = 0
Px = 0  Py = 0  |P| = 0
Px = 0  Py = 0  |P| = 0
Px = 0  Py = 0  |P| = 0
Px = 0  Py = 0  |P| = 0
Px = 0  Py = 0  |P| = 0
Px = 0  Py = 0  |P| = 0
Px = 0  Py = 0  |P| = 0
Px = 0  Py = 0  |P| = 0
Px = 0  Py = 0  |P| = 0
Px = 0  Py = 0  |P| = 0
Px = 0  Py = 0  |P| = 0
Px = 0  Py = 0  |P| = 0
Px = 0  Py = 0  |P| = 0
Px = 0  Py = 0  |P| = 0
Px = 0  Py = 0  |P| = 0
Px = 0  Py = 0  |P| = 0
Px = 0  Py = 0  |P| = 0
Px = 0  Py = 0  |P| = 0
Px = 0  Py = 0  |P| = 0
Px = 0  Py = 0  |P| = 0
Px = 0  Py = 0  |P| = 0
Px = 0  Py = 0  |P| = 0
Px = 0  Py = 0  |P| = 0
Px = 0  Py = 0  |P| = 0
Px = 0  Py = 0  |P| = 0
Px = 0  Py = 0  |P| = 0
Px = 0  Py = 0  |P| = 0
Px = 0  Py = 0  |P| = 0
Px = 0  Py = 0  |P| = 0
Px = 0  Py = 0  |P| = 0
Px = 0  Py = 0  |P| = 0
Px = 0  Py = 0  |P| = 0
Px = 0  Py = 0  |P| = 0
Px = 0  Py = 0  |P| = 0
Px = 0  Py = 0  |P| = 0
Px = 0  Py = 0  |P| = 0
Px = 0  Py = 0  |P| = 0
Px = 0  Py = 0  |P| = 0
Px = 0  Py = 0  |P| = 0
Px = 0  Py = 0  |P| = 0
Px = 0  Py = 0  |P| = 0
Px = 0  Py = 0  |P| = 0
Px = 0  Py = 0  |P| = 0
Px = 0  Py = 0  |P| = 0
Px = 0  Py = 0  |P| = 0
Px = 0  Py = 0  |P| = 0
Px = 0  Py = 0  |P| = 0
Px = 0  Py = 0  |P| = 0
Px = 0  Py = 0  |P| = 0
Px = 0  Py = 0  |P| = 0
Px = 0  Py = 0  |P| = 0
Px = 0  Py = 0  |P| = 0
Px = 0  Py = 0  |P| = 0
Px = 0  Py = 0  |P| = 0
Px = 0  Py = 0  |P| = 0
Px = 0  Py = 0  |P| = 0
Px = 0  Py = 0  |P| = 0
Px = 0  Py = 0  |P| = 0
Px = 0  Py = 0  |P| = 0
Px = 0  Py = 0  |P| = 0
Px = 0  Py = 0  |P| = 0
Px = 0  Py = 0  |P| = 0
Px = 0  Py = 0  |P| = 0
Px = 0  Py = 0  |P| = 0
Px = 0  Py = 0  |P| = 0
Px = 0  Py = 0  |P| = 0
Px = 0  Py = 0  |P| = 0
Px = 0  Py = 0  |P| = 0
Px = 0  Py = 0  |P| = 0
Px = 0  Py = 0  |P| = 0
Px = 0  Py = 0  |P| = 0
Px = 0  Py = 0  |P| = 0
Px = 0  Py = 0  |P| = 0
Px = 0  Py = 0  |P| = 0
Px = 0  Py = 0  |P| = 0
Px = 0  Py = 0  |P| = 0
Px = 0  Py = 0  |P| = 0
Px = 0  Py = 0  |P| = 0
Px = 0  Py = 0  |P| = 0
Px = 0  Py = 0  |P| = 0
Px = 0  Py = 0  |P| = 0
Px = 0  Py = 0  |P| = 0
Px = 0  Py = 0  |P| = 0
Px = 0  Py = 0  |P| = 0
Px = 0  Py = 0  |P| = 0
Px = 0  Py = 0  |P| = 0
Px = 0  Py = 0  |P| = 0
Px = 0  Py = 0  |P| = 0
Px = 0  Py = 0  |P| = 0
Px = 0  Py = 0  |P| = 0
Px = 0  Py = 0  |P| = 0
Px = 0  Py = 0  |P| = 0
Px = 0  Py = 0  |P| = 0
Px = 0  Py = 0  |P| = 0
Px = 0  Py = 0  |P| = 0
Px = 0  Py = 0  |P| = 0
Px = 0  Py = 0  |P| = 0
Px = 0  Py = 0  |P| = 0
Px = 0  Py = 0  |P| = 0
Px = 0  Py = 0  |P| = 0
Px = 0  Py = 0  |P| = 0
Px = 0  Py = 0  |P| = 0
Px = 0  Py = 0  |P| = 0
Px = 0  Py = 0  |P| = 0
Px = 0  Py = 0  |P| = 0
Px = 0  Py = 0  |P| = 0
Px = 0  Py = 0  |P| = 0
Px = 0  Py = 0  |P| = 0
Px = 0  Py = 0  |P| = 0
Px = 0  Py = 0  |P| = 0
Px = 0  Py = 0  |P| = 0
Px = 0  Py = 0  |P| = 0
Px = 0  Py = 0  |P| = 0
Px = 0  Py = 0  |P| = 0
Px = 0  Py = 0  |P| = 0
Px = 0  Py = 0  |P| = 0
Px = 0  Py = 0  |P| = 0
Px = 0  Py = 0  |P| = 0
Px = 0  Py = 0  |P| = 0
Px = 0  Py = 0  |P| = 0
Px = 0  Py = 0  |P| = 0
Px = 0  Py = 0  |P| = 0
Px = 0  Py = 0  |P| = 0
Px = 0  Py = 0  |P| = 0
Px = 0  Py = 0  |P| = 0
Px = 0  Py = 0  |P| = 0
Px = 0  Py = 0  |P| = 0
Px = 0  Py = 0  |P| = 0
Px = 0  Py = 0  |P| = 0
Px = 0  Py = 0  |P| = 0
Px = 0  Py = 0  |P| = 0
Px = 0  Py = 0  |P| = 0
Px = 0  Py = 0  |P| = 0
Px = 0  Py = 0  |P| = 0
Px = 0  Py = 0  |P| = 0
Px = 0  Py = 0  |P| = 0
Px = 0  Py = 0  |P| = 0
Px = 0  Py = 0  |P| = 0
Px = 0  Py = 0  |P| = 0
Px = 0  Py = 0  |P| = 0
Px = 0  Py = 0  |P| = 0
Px = 0  Py = 0  |P| = 0
Px = 0  Py = 0  |P| = 0
Px = 0  Py = 0  |P| = 0
Px = 0  Py = 0  |P| = 0
Px = 0  Py = 0  |P| = 0
Px = 0  Py = 0  |P| = 0
Px = 0  Py = 0  |P| = 0
Px = 0  Py = 0  |P| = 0
Px = 0  Py = 0  |P| = 0
Px = 0  Py = 0  |P| = 0
Px = 0  Py = 0  |P| = 0
Px = 0  Py = 0  |P| = 0
Px = 0  Py = 0  |P| = 0
Px = 0  Py = 0  |P| = 0
Px = 0  Py = 0  |P| = 0
Px = 0  Py = 0  |P| = 0
Px = 0  Py = 0  |P| = 0
Px = 0  Py = 0  |P| = 0
Px = 0  Py = 0  |P| = 0
Px = 0  Py = 0  |P| = 0
Px = 0  Py = 0  |P| = 0
Px = 0  Py = 0  |P| = 0
Px = 0  Py = 0  |P| = 0
Px = 0  Py = 0  |P| = 0
Px = 0  Py = 0  |P| = 0
Px = 0  Py = 0  |P| = 0
Px = 0  Py = 0  |P| = 0
Px = 0  Py = 0  |P| = 0
Px = 0  Py = 0  |P| = 0
Px = 0  Py = 0  |P| = 0
Px = 0  Py = 0  |P| = 0
Px = 0  Py = 0  |P| = 0
Px = 0  Py = 0  |P| = 0
Px = 0  Py = 0  |P| = 0
Px = 0  Py = 0  |P| = 0
Px = 0  Py = 0  |P| = 0
Px = 0  Py = 0  |P| = 0
Px = 0  Py = 0  |P| = 0
Px = 0  Py = 0  |P| = 0
Px = 0  Py = 0  |P| = 0
Px = 0  Py = 0  |P| = 0
Px = 0  Py = 0  |P| = 0
Px = 0  Py = 0  |P| = 0
Px = 0  Py = 0  |P| = 0
Px = 0  Py = 0  |P| = 0
Px = 0  Py = 0  |P| = 0
Px = 0  Py = 0  |P| = 0
Px = 0  Py = 0  |P| = 0
Px = 0  Py = 0  |P| = 0
Px = 0  Py = 0  |P| = 0
Px = 0  Py = 0  |P| = 0
Px = 0  Py = 0  |P| = 0
Px = 0  Py = 0  |P| = 0
Px = 0  Py = 0  |P| = 0
Px = 0  Py = 0  |P| = 0
Px = 0  Py = 0  |P| = 0
Px = 0  Py = 0  |P| = 0
Px = 0  Py = 0  |P| = 0
Px = 0  Py = 0  |P| = 0
Px = 0  Py = 0  |P| = 0
Px = 0  Py = 0  |P| = 0
Px = 0  Py = 0  |P| = 0
Px = 0  Py = 0  |P| = 0
Px = 0  Py = 0  |P| = 0
Px = 0  Py = 0  |P| = 0
Px = 0  Py = 0  |P| = 0
Px = 0  Py = 0  |P| = 0
Px = 0  Py = 0  |P| = 0
Px = 0  Py = 0  |P| = 0
Px = 0  Py = 0  |P| = 0
Px = 0  Py = 0  |P| = 0
Px = 0  Py = 0  |P| = 0
Px = 0  Py = 0  |P| = 0
Px = 0  Py = 0  |P| = 0
Px = 0  Py = 0  |P| = 0
Px = 0  Py = 0  |P| = 0
Px = 0  Py = 0  |P| = 0
Px = 0  Py = 0  |P| = 0
Px = 0  Py = 0  |P| = 0
Px = 0  Py = 0  |P| = 0
Px = 0  Py = 0  |P| = 0
Px = 0  Py = 0  |P| = 0
Px = 0  Py = 0  |P| = 0
Px = 0  Py = 0  |P| = 0
Px = 0  Py = 0  |P| = 0
Px = 0  Py = 0  |P| = 0
Px = 0  Py = 0  |P| = 0
Px = 0  Py = 0  |P| = 0
Px = 0  Py = 0  |P| = 0
Px = 0  Py = 0  |P| = 0
Px = 0  Py = 0  |P| = 0
Px = 0  Py = 0  |P| = 0
Px = 0  Py = 0  |P| = 0
Px = 0  Py = 0  |P| = 0
Px = 0  Py = 0  |P| = 0
Px = 0  Py = 0  |P| = 0
Px = 0  Py = 0  |P| = 0
Px = 0  Py = 0  |P| = 0
Px = 0  Py = 0  |P| = 0
Px = 0  Py = 0  |P| = 0
Px = 0  Py = 0  |P| = 0
Px = 0  Py = 0  |P| = 0
Px = 0  Py = 0  |P| = 0
Px = 0  Py = 0  |P| = 0
Px = 0  Py = 0  |P| = 0
Px = 0  Py = 0  |P| = 0
Px = 0  Py = 0  |P| = 0
Px = 0  Py = 0  |P| = 0
Px = 0  Py = 0  |P| = 0
Px = 0  Py = 0  |P| = 0
Px = 0  Py = 0  |P| = 0
Px = 0  Py = 0  |P| = 0
Px = 0  Py = 0  |P| = 0
Px = 0  Py = 0  |P| = 0
Px = 0  Py = 0  |P| = 0
Px = 0  Py = 0  |P| = 0
Px = 0  Py = 0  |P| = 0
Px = 0  Py = 0  |P| = 0
Px = 0  Py = 0  |P| = 0
Px = 0  Py = 0  |P| = 0
Px = 0  Py = 0  |P| = 0
Px = 0  Py = 0  |P| = 0
Px = 0  Py = 0  |P| = 0
Px = 0  Py = 0  |P| = 0
Px = 0  Py = 0  |P| = 0
Px = 0  Py = 0  |P| = 0
Px = 0  Py = 0  |P| = 0
Px = 0  Py = 0  |P| = 0
Px = 0  Py = 0  |P| = 0
Px = 0  Py = 0  |P| = 0
Px = 0  Py = 0  |P| = 0
Px = 0  Py = 0  |P| = 0
Px = 0  Py = 0  |P| = 0
Px = 0  Py = 0  |P| = 0
Px = 0  Py = 0  |P| = 0
Px = 0  Py = 0  |P| = 0
Px = 0  Py = 0  |P| = 0
Px = 0  Py = 0  |P| = 0
Px = 0  Py = 0  |P| = 0
Px = 0  Py = 0  |P| = 0
Px = 0  Py = 0  |P| = 0
Px = 0  Py = 0  |P| = 0
Px = 0  Py = 0  |P| = 0
Px = 0  Py = 0  |P| = 0
Px = 0  Py = 0  |P| = 0
Px = 0  Py = 0  |P| = 0
Px = 0  Py = 0  |P| = 0
Px = 0  Py = 0  |P| = 0
Px = 0  Py = 0  |P| = 0
Px = 0  Py = 0  |P| = 0
Px = 0  Py = 0  |P| = 0
Px = 0  Py = 0  |P| = 0
Px = 0  Py = 0  |P| = 0
Px = 0  Py = 0  |P| = 0
Px = 0  Py = 0  |P| = 0
Px = 0  Py = 0  |P| = 0
Px = 0  Py = 0  |P| = 0
Px = 0  Py = 0  |P| = 0
Px = 0  Py = 0  |P| = 0
Px = 0  Py = 0  |P| = 0
Px = 0  Py = 0  |P| = 0
Px = 0  Py = 0  |P| = 0
Px = 0  Py = 0  |P| = 0
Px = 0  Py = 0  |P| = 0
Px = 0  Py = 0  |P| = 0
Px = 0  Py = 0  |P| = 0
Px = 0  Py = 0  |P| = 0
Px = 0  Py = 0  |P| = 0
Px = 0  Py = 0  |P| = 0
Px = 0  Py = 0  |P| = 0
Px = 0  Py = 0  |P| = 0
Px = 0  Py = 0  |P| = 0
Px = 0  Py = 0  |P| = 0
Px = 0  Py = 0  |P| = 0
Px = 0  Py = 0  |P| = 0
Px = 0  Py = 0  |P| = 0
Px = 0  Py = 0  |P| = 0
Px = 0  Py = 0  |P| = 0
Px = 0  Py = 0  |P| = 0
Px = 0  Py = 0  |P| = 0
Px = 0  Py = 0  |P| = 0
Px = 0  Py = 0  |P| = 0
Px = 0  Py = 0  |P| = 0
Px = 0  Py = 0  |P| = 0
Px = 0  Py = 0  |P| = 0
Px = 0  Py = 0  |P| = 0
Px = 0  Py = 0  |P| = 0
Px = 0  Py = 0  |P| = 0
Px = 0  Py = 0  |P| = 0
Px = 0  Py = 0  |P| = 0
Px = 0  Py = 0  |P| = 0
Px = 0  Py = 0  |P| = 0
Px = 0  Py = 0  |P| = 0
Px = 0  Py = 0  |P| = 0
Px = 0  Py = 0  |P| = 0
Px = 0  Py = 0  |P| = 0
Px = 0  Py = 0  |P| = 0
Px = 0  Py = 0  |P| = 0
Px = 0  Py = 0  |P| = 0
Px = 0  Py = 0  |P| = 0
Px = 0  Py = 0  |P| = 0
Px = 0  Py = 0  |P| = 0
Px = 0  Py = 0  |P| = 0
Px = 0  Py = 0  |P| = 0
Px = 0  Py = 0  |P| = 0
Px = 0  Py = 0  |P| = 0
Px = 0  Py = 0  |P| = 0
Px = 0  Py = 0  |P| = 0
Px = 0  Py = 0  |P| = 0
Px = 0  Py = 0  |P| = 0
Px = 0  Py = 0  |P| = 0
Px = 0  Py = 0  |P| = 0
Px = 0  Py = 0  |P| = 0
Px = 0  Py = 0  |P| = 0
Px = 0  Py = 0  |P| = 0
Px = 0  Py = 0  |P| = 0
Px = 0  Py = 0  |P| = 0
Px = 0  Py = 0  |P| = 0
Px = 0  Py = 0  |P| = 0
Px = 0  Py = 0  |P| = 0
Px = 0  Py = 0  |P| = 0
Px = 0  Py = 0  |P| = 0
Px = 0  Py = 0  |P| = 0
Px = 0  Py = 0  |P| = 0
Px = 0  Py = 0  |P| = 0
Px = 0  Py = 0  |P| = 0
Px = 0  Py = 0  |P| = 0
Px = 0  Py = 0  |P| = 0
Px = 0  Py = 0  |P| = 0
Px = 0  Py = 0  |P| = 0
Px = 0  Py = 0  |P| = 0
Px = 0  Py = 0  |P| = 0
Px = 0  Py = 0  |P| = 0
Px = 0  Py = 0  |P| = 0
Px = 0  Py = 0  |P| = 0
Px = 0  Py = 0  |P| = 0
Px = 0  Py = 0  |P| = 0
Px = 0  Py = 0  |P| = 0
Px = 0  Py = 0  |P| = 0
Px = 0  Py = 0  |P| = 0
Px = 0  Py = 0  |P| = 0
Px = 0  Py = 0  |P| = 0
Px = 0  Py = 0  |P| = 0
Px = 0  Py = 0  |P| = 0
Px = 0  Py = 0  |P| = 0
Px = 0  Py = 0  |P| = 0
Px = 0  Py = 0  |P| = 0
Px = 0  Py = 0  |P| = 0
Px = 0  Py = 0  |P| = 0
Px = 0  Py = 0  |P| = 0
Px = 0  Py = 0  |P| = 0
Px = 0  Py = 0  |P| = 0
Px = 0  Py = 0  |P| = 0
Px = 0  Py = 0  |P| = 0
Px = 0  Py = 0  |P| = 0
Px = 0  Py = 0  |P| = 0
Px = 0  Py = 0  |P| = 0
Px = 0  Py = 0  |P| = 0
Px = 0  Py = 0  |P| = 0
Px = 0  Py = 0  |P| = 0
Px = 0  Py = 0  |P| = 0
Px = 0  Py = 0  |P| = 0
Px = 0  Py = 0  |P| = 0
Px = 0  Py = 0  |P| = 0
Px = 0  Py = 0  |P| = 0
Px = 0  Py = 0  |P| = 0
Px = 0  Py = 0  |P| = 0
Px = 0  Py = 0  |P| = 0
Px = 0  Py = 0  |P| = 0
Px = 0  Py = 0  |P| = 0
Px = 0  Py = 0  |P| = 0
Px = 0  Py = 0  |P| = 0
Px = 0  Py = 0  |P| = 0
Px = 0  Py = 0  |P| = 0
Px = 0  Py = 0  |P| = 0
Px = 0  Py = 0  |P| = 0
Px = 0  Py = 0  |P| = 0
Px = 0  Py = 0  |P| = 0
Px = 0  Py = 0  |P| = 0
Px = 0  Py = 0  |P| = 0
Px = 0  Py = 0  |P| = 0
Px = 0  Py = 0  |P| = 0
Px = 0  Py = 0  |P| = 0
Px = 0  Py = 0  |P| = 0
Px = 0  Py = 0  |P| = 0
Px = 0  Py = 0  |P| = 0
Px = 0  Py = 0  |P| = 0
Px = 0  Py = 0  |P| = 0
Px = 0  Py = 0  |P| = 0
Px = 0  Py = 0  |P| = 0
Px = 0  Py = 0  |P| = 0
Px = 0  Py = 0  |P| = 0
Px = 0  Py = 0  |P| = 0
Px = 0  Py = 0  |P| = 0
Px = 0  Py = 0  |P| = 0
Px = 0  Py = 0  |P| = 0
Px = 0  Py = 0  |P| = 0
Px = 0  Py = 0  |P| = 0
Px = 0  Py = 0  |P| = 0
Px = 0  Py = 0  |P| = 0
Px = 0  Py = 0  |P| = 0
Px = 0  Py = 0  |P| = 0
Px = 0  Py = 0  |P| = 0
Px = 0  Py = 0  |P| = 0
Px = 0  Py = 0  |P| = 0
Px = 0  Py = 0  |P| = 0
Px = 0  Py = 0  |P| = 0
Px = 0  Py = 0  |P| = 0
Px = 0  Py = 0  |P| = 0
Px = 0  Py = 0  |P| = 0
Px = 0  Py = 0  |P| = 0
Px = 0  Py = 0  |P| = 0
Px = 0  Py = 0  |P| = 0
Px = 0  Py = 0  |P| = 0
Px = 0  Py = 0  |P| = 0
Px = 0  Py = 0  |P| = 0
Px = 0  Py = 0  |P| = 0
Px = 0  Py = 0  |P| = 0
Px = 0  Py = 0  |P| = 0
Px = 0  Py = 0  |P| = 0
Px = 0  Py = 0  |P| = 0
Px = 0  Py = 0  |P| = 0
Px = 0  Py = 0  |P| = 0
Px = 0  Py = 0  |P| = 0
Px = 0  Py = 0  |P| = 0
Px = 0  Py = 0  |P| = 0
Px = 0  Py = 0  |P| = 0
Px = 0  Py = 0  |P| = 0
Px = 0  Py = 0  |P| = 0
Px = 0  Py = 0  |P| = 0
Px = 0  Py = 0  |P| = 0
Px = 0  Py = 0  |P| = 0
Px = 0  Py = 0  |P| = 0
Px = 0  Py = 0  |P| = 0
Px = 0  Py = 0  |P| = 0
Px = 0  Py = 0  |P| = 0
Px = 0  Py = 0  |P| = 0
Px = 0  Py = 0  |P| = 0
Px = 0  Py = 0  |P| = 0
Px = 0  Py = 0  |P| = 0
Px = 0  Py = 0  |P| = 0
Px = 0  Py = 0  |P| = 0
Px = 0  Py = 0  |P| = 0
Px = 0  Py = 0  |P| = 0
Px = 0  Py = 0  |P| = 0
Px = 0  Py = 0  |P| = 0
Px = 0  Py = 0  |P| = 0
Px = 0  Py = 0  |P| = 0
Px = 0  Py = 0  |P| = 0
Px = 0  Py = 0  |P| = 0
Px = 0  Py = 0  |P| = 0
Px = 0  Py = 0  |P| = 0
Px = 0  Py = 0  |P| = 0
Px = 0  Py = 0  |P| = 0
Px = 0  Py = 0  |P| = 0
Px = 0  Py = 0  |P| = 0
Px = 0  Py = 0  |P| = 0
Px = 0  Py = 0  |P| = 0
Px = 0  Py = 0  |P| = 0
Px = 0  Py = 0  |P| = 0
Px = 0  Py = 0  |P| = 0
Px = 0  Py = 0  |P| = 0
Px = 0  Py = 0  |P| = 0
Px = 0  Py = 0  |P| = 0
Px = 0  Py = 0  |P| = 0
Px = 0  Py = 0  |P| = 0
Px = 0  Py = 0  |P| = 0
Px = 0  Py = 0  |P| = 0
Px = 0  Py = 0  |P| = 0
Px = 0  Py = 0  |P| = 0
Px = 0  Py = 0  |P| = 0
Px = 0  Py = 0  |P| = 0
Px = 0  Py = 0  |P| = 0
Px = 0  Py = 0  |P| = 0
Px = 0  Py = 0  |P| = 0
Px = 0  Py = 0  |P| = 0
Px = 0  Py = 0  |P| = 0
Px = 0  Py = 0  |P| = 0
Px = 0  Py = 0  |P| = 0
Px = 0  Py = 0  |P| = 0
Px = 0  Py = 0  |P| = 0
Px = 0  Py = 0  |P| = 0
Px = 0  Py = 0  |P| = 0
Px = 0  Py = 0  |P| = 0
Px = 0  Py = 0  |P| = 0
Px = 0  Py = 0  |P| = 0
Px = 0  Py = 0  |P| = 0
Px = 0  Py = 0  |P| = 0
Px = 0  Py = 0  |P| = 0
Px = 0  Py = 0  |P| = 0
Px = 0  Py = 0  |P| = 0
Px = 0  Py = 0  |P| = 0
Px = 0  Py = 0  |P| = 0
Px = 0  Py = 0  |P| = 0
Px = 0  Py = 0  |P| = 0
Px = 0  Py = 0  |P| = 0
Px = 0  Py = 0  |P| = 0
Px = 0  Py = 0  |P| = 0
Px = 0  Py = 0  |P| = 0
Px = 0  Py = 0  |P| = 0
Px = 0  Py = 0  |P| = 0
Px = 0  Py = 0  |P| = 0
Px = 0  Py = 0  |P| = 0
Px = 0  Py = 0  |P| = 0
Px = 0  Py = 0  |P| = 0
Px = 0  Py = 0  |P| = 0
Px = 0  Py = 0  |P| = 0
Px = 0  Py = 0  |P| = 0
Px = 0  Py = 0  |P| = 0
Px = 0  Py = 0  |P| = 0
Px = 0  Py = 0  |P| = 0
Px = 0  Py = 0  |P| = 0
Px = 0  Py = 0  |P| = 0
Px = 0  Py = 0  |P| = 0
Px = 0  Py = 0  |P| = 0
Px = 0  Py = 0  |P| = 0
Px = 0  Py = 0  |P| = 0
Px = 0  Py = 0  |P| = 0
Px = 0  Py = 0  |P| = 0
Px = 0  Py = 0  |P| = 0
Px = 0  Py = 0  |P| = 0
Px = 0  Py = 0  |P| = 0
Px = 0  Py = 0  |P| = 0
Px = 0  Py = 0  |P| = 0
Px = 0  Py = 0  |P| = 0
Px = 0  Py = 0  |P| = 0
Px = 0  Py = 0  |P| = 0
Px = 0  Py = 0  |P| = 0
Px = 0  Py = 0  |P| = 0
Px = 0  Py = 0  |P| = 0
Px = 0  Py = 0  |P| = 0
Px = 0  Py = 0  |P| = 0
Px = 0  Py = 0  |P| = 0
Px = 0  Py = 0  |P| = 0
Px = 0  Py = 0  |P| = 0
Px = 0  Py = 0  |P| = 0
Px = 0  Py = 0  |P| = 0
Px = 0  Py = 0  |P| = 0
Px = 0  Py = 0  |P| = 0
Px = 0  Py = 0  |P| = 0
Px = 0  Py = 0  |P| = 0
Px = 0  Py = 0  |P| = 0
Px = 0  Py = 0  |P| = 0
Px = 0  Py = 0  |P| = 0
Px = 0  Py = 0  |P| = 0
Px = 0  Py = 0  |P| = 0
Px = 0  Py = 0  |P| = 0
Px = 0  Py = 0  |P| = 0
Px = 0  Py = 0  |P| = 0
Px = 0  Py = 0  |P| = 0
Px = 0  Py = 0  |P| = 0
Px = 0  Py = 0  |P| = 0
Px = 0  Py = 0  |P| = 0
Px = 0  Py = 0  |P| = 0
Px = 0  Py = 0  |P| = 0
Px = 0  Py = 0  |P| = 0
Px = 0  Py = 0  |P| = 0
Px = 0  Py = 0  |P| = 0
Px = 0  Py = 0  |P| = 0
Px = 0  Py = 0  |P| = 0
Px = 0  Py = 0  |P| = 0
Px = 0  Py = 0  |P| = 0
Px = 0  Py = 0  |P| = 0
Px = 0  Py = 0  |P| = 0
Px = 0  Py = 0  |P| = 0
Px = 0  Py = 0  |P| = 0
Px = 0  Py = 0  |P| = 0
Px = 0  Py = 0  |P| = 0
Px = 0  Py = 0  |P| = 0
Px = 0  Py = 0  |P| = 0
Px = 0  Py = 0  |P| = 0
Px = 0  Py = 0  |P| = 0
Px = 0  Py = 0  |P| = 0
Px = 0  Py = 0  |P| = 0
Px = 0  Py = 0  |P| = 0
Px = 0  Py = 0  |P| = 0
Px = 0  Py = 0  |P| = 0
Px = 0  Py = 0  |P| = 0
Px = 0  Py = 0  |P| = 0
Px = 0  Py = 0  |P| = 0
Px = 0  Py = 0  |P| = 0
Px = 0  Py = 0  |P| = 0
Px = 0  Py = 0  |P| = 0
Px = 0  Py = 0  |P| = 0
Px = 0  Py = 0  |P| = 0
Px = 0  Py = 0  |P| = 0
Px = 0  Py = 0  |P| = 0
Px = 0  Py = 0  |P| = 0
Px = 0  Py = 0  |P| = 0
Px = 0  Py = 0  |P| = 0
Px = 0  Py = 0  |P| = 0
Px = 0  Py = 0  |P| = 0
Px = 0  Py = 0  |P| = 0
Px = 0  Py = 0  |P| = 0
Px = 0  Py = 0  |P| = 0
Px = 0  Py = 0  |P| = 0
Px = 0  Py = 0  |P| = 0
Px = 0  Py = 0  |P| = 0
Px = 0  Py = 0  |P| = 0
Px = 0  Py = 0  |P| = 0
Px = 0  Py = 0  |P| = 0
Px = 0  Py = 0  |P| = 0
Px = 0  Py = 0  |P| = 0
Px = 0  Py = 0  |P| = 0
Px = 0  Py = 0  |P| = 0
Px = 0  Py = 0  |P| = 0
Px = 0  Py = 0  |P| = 0
Px = 0  Py = 0  |P| = 0
Px = 0  Py = 0  |P| = 0
Px = 0  Py = 0  |P| = 0
Px = 0  Py = 0  |P| = 0
Px = 0  Py = 0  |P| = 0
Px = 0  Py = 0  |P| = 0
Px = 0  Py = 0  |P| = 0
Px = 0  Py = 0  |P| = 0
Px = 0  Py = 0  |P| = 0
Px = 0  Py = 0  |P| = 0
Px = 0  Py = 0  |P| = 0
Px = 0  Py = 0  |P| = 0
Px = 0  Py = 0  |P| = 0
Px = 0  Py = 0  |P| = 0
Px = 0  Py = 0  |P| = 0
Px = 0  Py = 0  |P| = 0
Px = 0  Py = 0  |P| = 0
Px = 0  Py = 0  |P| = 0
Px = 0  Py = 0  |P| = 0
Px = 0  Py = 0  |P| = 0
Px = 0  Py = 0  |P| = 0
Px = 0  Py = 0  |P| = 0
Px = 0  Py = 0  |P| = 0
Px = 0  Py = 0  |P| = 0
Px = 0  Py = 0  |P| = 0
Px = 0  Py = 0  |P| = 0
Px = 0  Py = 0  |P| = 0
Px = 0  Py = 0  |P| = 0
Px = 0  Py = 0  |P| = 0
Px = 0  Py = 0  |P| = 0
Px = 0  Py = 0  |P| = 0
Px = 0  Py = 0  |P| = 0
Px = 0  Py = 0  |P| = 0
Px = 0  Py = 0  |P| = 0
Px = 0  Py = 0  |P| = 0
Px = 0  Py = 0  |P| = 0
Px = 0  Py = 0  |P| = 0
Px = 0  Py = 0  |P| = 0
Px = 0  Py = 0  |P| = 0
Px = 0  Py = 0  |P| = 0
Px = 0  Py = 0  |P| = 0
Px = 0  Py = 0  |P| = 0
Px = 0  Py = 0  |P| = 0
Px = 0  Py = 0  |P| = 0
Px = 0  Py = 0  |P| = 0
Px = 0  Py = 0  |P| = 0
Px = 0  Py = 0  |P| = 0
Px = 0  Py = 0  |P| = 0
Px = 0  Py = 0  |P| = 0
Px = 0  Py = 0  |P| = 0
Px = 0  Py = 0  |P| = 0
Px = 0  Py = 0  |P| = 0
Px = 0  Py = 0  |P| = 0
Px = 0  Py = 0  |P| = 0
Px = 0  Py = 0  |P| = 0
Px = 0  Py = 0  |P| = 0
Px = 0  Py = 0  |P| = 0
Px = 0  Py = 0  |P| = 0
Px = 0  Py = 0  |P| = 0
Px = 0  Py = 0  |P| = 0
Px = 0  Py = 0  |P| = 0
Px = 0  Py = 0  |P| = 0
Px = 0  Py = 0  |P| = 0
Px = 0  Py = 0  |P| = 0
Px = 0  Py = 0  |P| = 0
Px = 0  Py = 0  |P| = 0
Px = 0  Py = 0  |P| = 0
Px = 0  Py = 0  |P| = 0
Px = 0  Py = 0  |P| = 0
Px = 0  Py = 0  |P| = 0
Px = 0  Py = 0  |P| = 0
Px = 0  Py = 0  |P| = 0
Px = 0  Py = 0  |P| = 0
Px = 0  Py = 0  |P| = 0
Px = 0  Py = 0  |P| = 0
Px = 0  Py = 0  |P| = 0
Px = 0  Py = 0  |P| = 0
Px = 0  Py = 0  |P| = 0
Px = 0  Py = 0  |P| = 0
Px = 0  Py = 0  |P| = 0
Px = 0  Py = 0  |P| = 0
Px = 0  Py = 0  |P| = 0
Px = 0  Py = 0  |P| = 0
Px = 0  Py = 0  |P| = 0
Px = 0  Py = 0  |P| = 0
Px = 0  Py = 0  |P| = 0
Px = 0  Py = 0  |P| = 0
Px = 0  Py = 0  |P| = 0
Px = 0  Py = 0  |P| = 0
Px = 0  Py = 0  |P| = 0
Px = 0  Py = 0  |P| = 0
Px = 0  Py = 0  |P| = 0
Px = 0  Py = 0  |P| = 0
Px = 0  Py = 0  |P| = 0
Px = 0  Py = 0  |P| = 0
Px = 0  Py = 0  |P| = 0
Px = 0  Py = 0  |P| = 0
Px = 0  Py = 0  |P| = 0
Px = 0  Py = 0  |P| = 0
Px = 0  Py = 0  |P| = 0
Px = 0  Py = 0  |P| = 0
Px = 0  Py = 0  |P| = 0
Px = 0  Py = 0  |P| = 0
Px = 0  Py = 0  |P| = 0
Px = 0  Py = 0  |P| = 0
Px = 0  Py = 0  |P| = 0
Px = 0  Py = 0  |P| = 0
Px = 0  Py = 0  |P| = 0
Px = 0  Py = 0  |P| = 0
Px = 0  Py = 0  |P| = 0
Px = 0  Py = 0  |P| = 0
Px = 0  Py = 0  |P| = 0
Px = 0  Py = 0  |P| = 0
Px = 0  Py = 0  |P| = 0
Px = 0  Py = 0  |P| = 0
Px = 0  Py = 0  |P| = 0
Px = 0  Py = 0  |P| = 0
Px = 0  Py = 0  |P| = 0
Px = 0  Py = 0  |P| = 0
Px = 0  Py = 0  |P| = 0
Px = 0  Py = 0  |P| = 0
Px = 0  Py = 0  |P| = 0
Px = 0  Py = 0  |P| = 0
Px = 0  Py = 0  |P| = 0
Px = 0  Py = 0  |P| = 0
Px = 0  Py = 0  |P| = 0
Px = 0  Py = 0  |P| = 0
Px = 0  Py = 0  |P| = 0
Px = 0  Py = 0  |P| = 0
Px = 0  Py = 0  |P| = 0
Px = 0  Py = 0  |P| = 0
Px = 0  Py = 0  |P| = 0
Px = 0  Py = 0  |P| = 0
Px = 0  Py = 0  |P| = 0
Px = 0  Py = 0  |P| = 0
Px = 0  Py = 0  |P| = 0
Px = 0  Py = 0  |P| = 0
Px = 0  Py = 0  |P| = 0
Px = 0  Py = 0  |P| = 0
Px = 0  Py = 0  |P| = 0
Px = 0  Py = 0  |P| = 0
Px = 0  Py = 0  |P| = 0
Px = 0  Py = 0  |P| = 0
Px = 0  Py = 0  |P| = 0
Px = 0  Py = 0  |P| = 0
Px = 0  Py = 0  |P| = 0
Px = 0  Py = 0  |P| = 0
Px = 0  Py = 0  |P| = 0
Px = 0  Py = 0  |P| = 0
Px = 0  Py = 0  |P| = 0
Px = 0  Py = 0  |P| = 0
Px = 0  Py = 0  |P| = 0
Px = 0  Py = 0  |P| = 0
Px = 0  Py = 0  |P| = 0
Px = 0  Py = 0  |P| = 0
Px = 0  Py = 0  |P| = 0
Px = 0  Py = 0  |P| = 0
Px = 0  Py = 0  |P| = 0
Px = 0  Py = 0  |P| = 0
Px = 0  Py = 0  |P| = 0
Px = 0  Py = 0  |P| = 0
Px = 0  Py = 0  |P| = 0
Px = 0  Py = 0  |P| = 0
Px = 0  Py = 0  |P| = 0
Px = 0  Py = 0  |P| = 0
Px = 0  Py = 0  |P| = 0
Px = 0  Py = 0  |P| = 0
Px = 0  Py = 0  |P| = 0
Px = 0  Py = 0  |P| = 0
Px = 0  Py = 0  |P| = 0
Px = 0  Py = 0  |P| = 0
Px = 0  Py = 0  |P| = 0
Px = 0  Py = 0  |P| = 0
Px = 0  Py = 0  |P| = 0
Px = 0  Py = 0  |P| = 0
Px = 0  Py = 0  |P| = 0
Px = 0  Py = 0  |P| = 0
Px = 0  Py = 0  |P| = 0
Px = 0  Py = 0  |P| = 0
Px = 0  Py = 0  |P| = 0
Px = 0  Py = 0  |P| = 0
Px = 0  Py = 0  |P| = 0
Px = 0  Py = 0  |P| = 0
Px = 0  Py = 0  |P| = 0
Px = 0  Py = 0  |P| = 0
Px = 0  Py = 0  |P| = 0
Px = 0  Py = 0  |P| = 0
Px = 0  Py = 0  |P| = 0
Px = 0  Py = 0  |P| = 0
Px = 0  Py = 0  |P| = 0
Px = 0  Py = 0  |P| = 0
Px = 0  Py = 0  |P| = 0
Px = 0  Py = 0  |P| = 0
Px = 0  Py = 0  |P| = 0
Px = 0  Py = 0  |P| = 0
Px = 0  Py = 0  |P| = 0
Px = 0  Py = 0  |P| = 0
Px = 0  Py = 0  |P| = 0
Px = 0  Py = 0  |P| = 0
Px = 0  Py = 0  |P| = 0
Px = 0  Py = 0  |P| = 0
Px = 0  Py = 0  |P| = 0
Px = 0  Py = 0  |P| = 0
Px = 0  Py = 0  |P| = 0
Px = 0  Py = 0  |P| = 0
Px = 0  Py = 0  |P| = 0
Px = 0  Py = 0  |P| = 0
Px = 0  Py = 0  |P| = 0
Px = 0  Py = 0  |P| = 0
Px = 0  Py = 0  |P| = 0
Px = 0  Py = 0  |P| = 0
Px = 0  Py = 0  |P| = 0
Px = 0  Py = 0  |P| = 0
Px = 0  Py = 0  |P| = 0
Px = 0  Py = 0  |P| = 0
Px = 0  Py = 0  |P| = 0
Px = 0  Py = 0  |P| = 0
Px = 0  Py = 0  |P| = 0
Px = 0  Py = 0  |P| = 0
Px = 0  Py = 0  |P| = 0
Px = 0  Py = 0  |P| = 0
Px = 0  Py = 0  |P| = 0
Px = 0  Py = 0  |P| = 0
Px = 0  Py = 0  |P| = 0
Px = 0  Py = 0  |P| = 0
Px = 0  Py = 0  |P| = 0
Px = 0  Py = 0  |P| = 0
Px = 0  Py = 0  |P| = 0
Px = 0  Py = 0  |P| = 0
Px = 0  Py = 0  |P| = 0
Px = 0  Py = 0  |P| = 0
Px = 0  Py = 0  |P| = 0
Px = 0  Py = 0  |P| = 0
Px = 0  Py = 0  |P| = 0
Px = 0  Py = 0  |P| = 0
Px = 0  Py = 0  |P| = 0
Px = 0  Py = 0  |P| = 0
Px = 0  Py = 0  |P| = 0
Px = 0  Py = 0  |P| = 0
Px = 0  Py = 0  |P| = 0
Px = 0  Py = 0  |P| = 0
Px = 0  Py = 0  |P| = 0
Px = 0  Py = 0  |P| = 0
Px = 0  Py = 0  |P| = 0
Px = 0  Py = 0  |P| = 0
Px = 0  Py = 0  |P| = 0
Px = 0  Py = 0  |P| = 0
Px = 0  Py = 0  |P| = 0
Px = 0  Py = 0  |P| = 0
Px = 0  Py = 0  |P| = 0
Px = 0  Py = 0  |P| = 0
Px = 0  Py = 0  |P| = 0
Px = 0  Py = 0  |P| = 0
Px = 0  Py = 0  |P| = 0
Px = 0  Py = 0  |P| = 0
Px = 0  Py = 0  |P| = 0
Px = 0  Py = 0  |P| = 0
Px = 0  Py = 0  |P| = 0
Px = 0  Py = 0  |P| = 0
Px = 0  Py = 0  |P| = 0
Px = 0  Py = 0  |P| = 0
Px = 0  Py = 0  |P| = 0
Px = 0  Py = 0  |P| = 0
Px = 0  Py = 0  |P| = 0
Px = 0  Py = 0  |P| = 0
Px = 0  Py = 0  |P| = 0
Px = 0  Py = 0  |P| = 0
Px = 0  Py = 0  |P| = 0
Px = 0  Py = 0  |P| = 0
Px = 0  Py = 0  |P| = 0
Px = 0  Py = 0  |P| = 0
Px = 0  Py = 0  |P| = 0
Px = 0  Py = 0  |P| = 0
Px = 0  Py = 0  |P| = 0
Px = 0  Py = 0  |P| = 0
Px = 0  Py = 0  |P| = 0
Px = 0  Py = 0  |P| = 0
Px = 0  Py = 0  |P| = 0
Px = 0  Py = 0  |P| = 0
Px = 0  Py = 0  |P| = 0
Px = 0  Py = 0  |P| = 0
Px = 0  Py = 0  |P| = 0
Px = 0  Py = 0  |P| = 0
Px = 0  Py = 0  |P| = 0
Px = 0  Py = 0  |P| = 0
Px = 0  Py = 0  |P| = 0
Px = 0  Py = 0  |P| = 0
Px = 0  Py = 0  |P| = 0
Px = 0  Py = 0  |P| = 0
Px = 0  Py = 0  |P| = 0
Px = 0  Py = 0  |P| = 0
Px = 0  Py = 0  |P| = 0
Px = 0  Py = 0  |P| = 0
Px = 0  Py = 0  |P| = 0
Px = 0  Py = 0  |P| = 0
Px = 0  Py = 0  |P| = 0
Px = 0  Py = 0  |P| = 0
Px = 0  Py = 0  |P| = 0
Px = 0  Py = 0  |P| = 0
Px = 0  Py = 0  |P| = 0
Px = 0  Py = 0  |P| = 0
Px = 0  Py = 0  |P| = 0
Px = 0  Py = 0  |P| = 0
Px = 0  Py = 0  |P| = 0
Px = 0  Py = 0  |P| = 0
Px = 0  Py = 0  |P| = 0
Px = 0  Py = 0  |P| = 0
Px = 0  Py = 0  |P| = 0
Px = 0  Py = 0  |P| = 0
Px = 0  Py = 0  |P| = 0
Px = 0  Py = 0  |P| = 0
Px = 0  Py = 0  |P| = 0
Px = 0  Py = 0  |P| = 0
Px = 0  Py = 0  |P| = 0
Px = 0  Py = 0  |P| = 0
Px = 0  Py = 0  |P| = 0
Px = 0  Py = 0  |P| = 0
Px = 0  Py = 0  |P| = 0
Px = 0  Py = 0  |P| = 0
Px = 0  Py = 0  |P| = 0
Px = 0  Py = 0  |P| = 0
Px = 0  Py = 0  |P| = 0
Px = 0  Py = 0  |P| = 0
Px = 0  Py = 0  |P| = 0
Px = 0  Py = 0  |P| = 0
Px = 0  Py = 0  |P| = 0
Px = 0  Py = 0  |P| = 0
Px = 0  Py = 0  |P| = 0
Px = 0  Py = 0  |P| = 0
Px = 0  Py = 0  |P| = 0
Px = 0  Py = 0  |P| = 0
Px = 0  Py = 0  |P| = 0
Px = 0  Py = 0  |P| = 0
Px = 0  Py = 0  |P| = 0
Px = 0  Py = 0  |P| = 0
Px = 0  Py = 0  |P| = 0
Px = 0  Py = 0  |P| = 0
Px = 0  Py = 0  |P| = 0
Px = 0  Py = 0  |P| = 0
Px = 0  Py = 0  |P| = 0
Px = 0  Py = 0  |P| = 0
Px = 0  Py = 0  |P| = 0
Px = 0  Py = 0  |P| = 0
Px = 0  Py = 0  |P| = 0
Px = 0  Py = 0  |P| = 0
Px = 0  Py = 0  |P| = 0
Px = 0  Py = 0  |P| = 0
Px = 0  Py = 0  |P| = 0
Px = 0  Py = 0  |P| = 0
Px = 0  Py = 0  |P| = 0
Px = 0  Py = 0  |P| = 0
Px = 0  Py = 0  |P| = 0
Px = 0  Py = 0  |P| = 0
Px = 0  Py = 0  |P| = 0
Px = 0  Py = 0  |P| = 0
Px = 0  Py = 0  |P| = 0
Px = 0  Py = 0  |P| = 0
Px = 0  Py = 0  |P| = 0
Px = 0  Py = 0  |P| = 0
Px = 0  Py = 0  |P| = 0
Px = 0  Py = 0  |P| = 0
Px = 0  Py = 0  |P| = 0
Px = 0  Py = 0  |P| = 0
Px = 0  Py = 0  |P| = 0
Px = 0  Py = 0  |P| = 0
Px = 0  Py = 0  |P| = 0
Px = 0  Py = 0  |P| = 0
Px = 0  Py = 0  |P| = 0
Px = 0  Py = 0  |P| = 0
Px = 0  Py = 0  |P| = 0
Px = 0  Py = 0  |P| = 0
Px = 0  Py = 0  |P| = 0
Px = 0  Py = 0  |P| = 0
Px = 0  Py = 0  |P| = 0
Px = 0  Py = 0  |P| = 0
Px = 0  Py = 0  |P| = 0
Px = 0  Py = 0  |P| = 0
Px = 0  Py = 0  |P| = 0
Px = 0  Py = 0  |P| = 0
Px = 0  Py = 0  |P| = 0
Px = 0  Py = 0  |P| = 0
Px = 0  Py = 0  |P| = 0
Px = 0  Py = 0  |P| = 0
Px = 0  Py = 0  |P| = 0
Px = 0  Py = 0  |P| = 0
Px = 0  Py = 0  |P| = 0
Px = 0  Py = 0  |P| = 0
Px = 0  Py = 0  |P| = 0
Px = 0  Py = 0  |P| = 0
Px = 0  Py = 0  |P| = 0
Px = 0  Py = 0  |P| = 0
Px = 0  Py = 0  |P| = 0
Px = 0  Py = 0  |P| = 0
Px = 0  Py = 0  |P| = 0
Px = 0  Py = 0  |P| = 0
Px = 0  Py = 0  |P| = 0
Px = 0  Py = 0  |P| = 0
Px = 0  Py = 0  |P| = 0
Px = 0  Py = 0  |P| = 0
Px = 0  Py = 0  |P| = 0
Px = 0  Py = 0  |P| = 0
Px = 0  Py = 0  |P| = 0
Px = 0  Py = 0  |P| = 0
Px = 0  Py = 0  |P| = 0
Px = 0  Py = 0  |P| = 0
Px = 0  Py = 0  |P| = 0
Px = 0  Py = 0  |P| = 0
Px = 0  Py = 0  |P| = 0
Px = 0  Py = 0  |P| = 0
Px = 0  Py = 0  |P| = 0
Px = 0  Py = 0  |P| = 0
Px = 0  Py = 0  |P| = 0
Px = 0  Py = 0  |P| = 0
Px = 0  Py = 0  |P| = 0
Px = 0  Py = 0  |P| = 0
Px = 0  Py = 0  |P| = 0
Px = 0  Py = 0  |P| = 0
Px = 0  Py = 0  |P| = 0
Px = 0  Py = 0  |P| = 0
Px = 0  Py = 0  |P| = 0
Px = 0  Py = 0  |P| = 0
Px = 0  Py = 0  |P| = 0
Px = 0  Py = 0  |P| = 0
Px = 0  Py = 0  |P| = 0
Px = 0  Py = 0  |P| = 0
Px = 0  Py = 0  |P| = 0
Px = 0  Py = 0  |P| = 0
Px = 0  Py = 0  |P| = 0
Px = 0  Py = 0  |P| = 0
Px = 0  Py = 0  |P| = 0
Px = 0  Py = 0  |P| = 0
Px = 0  Py = 0  |P| = 0
Px = 0  Py = 0  |P| = 0
Px = 0  Py = 0  |P| = 0
Px = 0  Py = 0  |P| = 0
Px = 0  Py = 0  |P| = 0
Px = 0  Py = 0  |P| = 0
Px = 0  Py = 0  |P| = 0
Px = 0  Py = 0  |P| = 0
Px = 0  Py = 0  |P| = 0
Px = 0  Py = 0  |P| = 0
Px = 0  Py = 0  |P| = 0
Px = 0  Py = 0  |P| = 0
Px = 0  Py = 0  |P| = 0
Px = 0  Py = 0  |P| = 0
Px = 0  Py = 0  |P| = 0
Px = 0  Py = 0  |P| = 0
Px = 0  Py = 0  |P| = 0
Px = 0  Py = 0  |P| = 0
Px = 0  Py = 0  |P| = 0
Px = 0  Py = 0  |P| = 0
Px = 0  Py = 0  |P| = 0
Px = 0  Py = 0  |P| = 0
Px = 0  Py = 0  |P| = 0
Px = 0  Py = 0  |P| = 0
Px = 0  Py = 0  |P| = 0
Px = 0  Py = 0  |P| = 0
Px = 0  Py = 0  |P| = 0
Px = 0  Py = 0  |P| = 0
Px = 0  Py = 0  |P| = 0
Px = 0  Py = 0  |P| = 0
Px = 0  Py = 0  |P| = 0
Px = 0  Py = 0  |P| = 0
Px = 0  Py = 0  |P| = 0
Px = 0  Py = 0  |P| = 0
Px = 0  Py = 0  |P| = 0
Px = 0  Py = 0  |P| = 0
Px = 0  Py = 0  |P| = 0
Px = 0  Py = 0  |P| = 0
Px = 0  Py = 0  |P| = 0
Px = 0  Py = 0  |P| = 0
Px = 0  Py = 0  |P| = 0
Px = 0  Py = 0  |P| = 0
Px = 0  Py = 0  |P| = 0
Px = 0  Py = 0  |P| = 0
Px = 0  Py = 0  |P| = 0
Px = 0  Py = 0  |P| = 0
Px = 0  Py = 0  |P| = 0
Px = 0  Py = 0  |P| = 0
Px = 0  Py = 0  |P| = 0
Px = 0  Py = 0  |P| = 0
Px = 0  Py = 0  |P| = 0
Px = 0  Py = 0  |P| = 0
Px = 0  Py = 0  |P| = 0
Px = 0  Py = 0  |P| = 0
Px = 0  Py = 0  |P| = 0
Px = 0  Py = 0  |P| = 0
Px = 0  Py = 0  |P| = 0
Px = 0  Py = 0  |P| = 0
Px = 0  Py = 0  |P| = 0
Px = 0  Py = 0  |P| = 0
Px = 0  Py = 0  |P| = 0
Px = 0  Py = 0  |P| = 0
Px = 0  Py = 0  |P| = 0
Px = 0  Py = 0  |P| = 0
Px = 0  Py = 0  |P| = 0
Px = 0  Py = 0  |P| = 0
Px = 0  Py = 0  |P| = 0
Px = 0  Py = 0  |P| = 0
Px = 0  Py = 0  |P| = 0
Px = 0  Py = 0  |P| = 0
Px = 0  Py = 0  |P| = 0
Px = 0  Py = 0  |P| = 0
Px = 0  Py = 0  |P| = 0
Px = 0  Py = 0  |P| = 0
Px = 0  Py = 0  |P| = 0
Px = 0  Py = 0  |P| = 0
Px = 0  Py = 0  |P| = 0
Px = 0  Py = 0  |P| = 0
Px = 0  Py = 0  |P| = 0
Px = 0  Py = 0  |P| = 0
Px = 0  Py = 0  |P| = 0
Px = 0  Py = 0  |P| = 0
Px = 0  Py = 0  |P| = 0
Px = 0  Py = 0  |P| = 0
Px = 0  Py = 0  |P| = 0
Px = 0  Py = 0  |P| = 0
Px = 0  Py = 0  |P| = 0
Px = 0  Py = 0  |P| = 0
Px = 0  Py = 0  |P| = 0
Px = 0  Py = 0  |P| = 0
Px = 0  Py = 0  |P| = 0
Px = 0  Py = 0  |P| = 0
Px = 0  Py = 0  |P| = 0
Px = 0  Py = 0  |P| = 0
Px = 0  Py = 0  |P| = 0
Px = 0  Py = 0  |P| = 0
Px = 0  Py = 0  |P| = 0
Px = 0  Py = 0  |P| = 0
Px = 0  Py = 0  |P| = 0
Px = 0  Py = 0  |P| = 0
Px = 0  Py = 0  |P| = 0
Px = 0  Py = 0  |P| = 0
Px = 0  Py = 0  |P| = 0
Px = 0  Py = 0  |P| = 0
Px = 0  Py = 0  |P| = 0
Px = 0  Py = 0  |P| = 0
Px = 0  Py = 0  |P| = 0
Px = 0  Py = 0  |P| = 0
Px = 0  Py = 0  |P| = 0
Px = 0  Py = 0  |P| = 0
Px = 0  Py = 0  |P| = 0
Px = 0  Py = 0  |P| = 0
Px = 0  Py = 0  |P| = 0
Px = 0  Py = 0  |P| = 0
Px = 0  Py = 0  |P| = 0
Px = 0  Py = 0  |P| = 0
Px = 0  Py = 0  |P| = 0
Px = 0  Py = 0  |P| = 0
Px = 0  Py = 0  |P| = 0
Px = 0  Py = 0  |P| = 0
Px = 0  Py = 0  |P| = 0
Px = 0  Py = 0  |P| = 0
Px = 0  Py = 0  |P| = 0
Px = 0  Py = 0  |P| = 0
Px = 0  Py = 0  |P| = 0
Px = 0  Py = 0  |P| = 0
Px = 0  Py = 0  |P| = 0
Px = 0  Py = 0  |P| = 0
Px = 0  Py = 0  |P| = 0
Px = 0  Py = 0  |P| = 0
Px = 0  Py = 0  |P| = 0
Px = 0  Py = 0  |P| = 0
Px = 0  Py = 0  |P| = 0
Px = 0  Py = 0  |P| = 0
Px = 0  Py = 0  |P| = 0
Px = 0  Py = 0  |P| = 0
Px = 0  Py = 0  |P| = 0
Px = 0  Py = 0  |P| = 0
Px = 0  Py = 0  |P| = 0
Px = 0  Py = 0  |P| = 0
Px = 0  Py = 0  |P| = 0
Px = 0  Py = 0  |P| = 0
Px = 0  Py = 0  |P| = 0
Px = 0  Py = 0  |P| = 0
Px = 0  Py = 0  |P| = 0
Px = 0  Py = 0  |P| = 0
Px = 0  Py = 0  |P| = 0
Px = 0  Py = 0  |P| = 0
Px = 0  Py = 0  |P| = 0
Px = 0  Py = 0  |P| = 0
Px = 0  Py = 0  |P| = 0
Px = 0  Py = 0  |P| = 0
Px = 0  Py = 0  |P| = 0
Px = 0  Py = 0  |P| = 0
Px = 0  Py = 0  |P| = 0
Px = 0  Py = 0  |P| = 0
Px = 0  Py = 0  |P| = 0
Px = 0  Py = 0  |P| = 0
Px = 0  Py = 0  |P| = 0
Px = 0  Py = 0  |P| = 0
Px = 0  Py = 0  |P| = 0
Px = 0  Py = 0  |P| = 0
Px = 0  Py = 0  |P| = 0
Px = 0  Py = 0  |P| = 0
Px = 0  Py = 0  |P| = 0
Px = 0  Py = 0  |P| = 0
Px = 0  Py = 0  |P| = 0
Px = 0  Py = 0  |P| = 0
Px = 0  Py = 0  |P| = 0
Px = 0  Py = 0  |P| = 0
Px = 0  Py = 0  |P| = 0
Px = 0  Py = 0  |P| = 0
Px = 0  Py = 0  |P| = 0
Px = 0  Py = 0  |P| = 0
Px = 0  Py = 0  |P| = 0
Px = 0  Py = 0  |P| = 0
Px = 0  Py = 0  |P| = 0
Px = 0  Py = 0  |P| = 0
Px = 0  Py = 0  |P| = 0
Px = 0  Py = 0  |P| = 0
Px = 0  Py = 0  |P| = 0
Px = 0  Py = 0  |P| = 0
Px = 0  Py = 0  |P| = 0
Px = 0  Py = 0  |P| = 0
Px = 0  Py = 0  |P| = 0
Px = 0  Py = 0  |P| = 0
Px = 0  Py = 0  |P| = 0
Px = 0  Py = 0  |P| = 0
Px = 0  Py = 0  |P| = 0
Px = 0  Py = 0  |P| = 0
Px = 0  Py = 0  |P| = 0
Px = 0  Py = 0  |P| = 0
Px = 0  Py = 0  |P| = 0
Px = 0  Py = 0  |P| = 0
Px = 0  Py = 0  |P| = 0
Px = 0  Py = 0  |P| = 0
Px = 0  Py = 0  |P| = 0
Px = 0  Py = 0  |P| = 0
Px = 0  Py = 0  |P| = 0
Px = 0  Py = 0  |P| = 0
Px = 0  Py = 0  |P| = 0
Px = 0  Py = 0  |P| = 0
Px = 0  Py = 0  |P| = 0
Px = 0  Py = 0  |P| = 0
Px = 0  Py = 0  |P| = 0
Px = 0  Py = 0  |P| = 0
Px = 0  Py = 0  |P| = 0
Px = 0  Py = 0  |P| = 0
Px = 0  Py = 0  |P| = 0
Px = 0  Py = 0  |P| = 0
Px = 0  Py = 0  |P| = 0
Px = 0  Py = 0  |P| = 0
Px = 0  Py = 0  |P| = 0
Px = 0  Py = 0  |P| = 0
Px = 0  Py = 0  |P| = 0
Px = 0  Py = 0  |P| = 0
Px = 0  Py = 0  |P| = 0
Px = 0  Py = 0  |P| = 0
Px = 0  Py = 0  |P| = 0
Px = 0  Py = 0  |P| = 0
Px = 0  Py = 0  |P| = 0
Px = 0  Py = 0  |P| = 0
Px = 0  Py = 0  |P| = 0
Px = 0  Py = 0  |P| = 0
Px = 0  Py = 0  |P| = 0
Px = 0  Py = 0  |P| = 0
Px = 0  Py = 0  |P| = 0
Px = 0  Py = 0  |P| = 0
Px = 0  Py = 0  |P| = 0
Px = 0  Py = 0  |P| = 0
Px = 0  Py = 0  |P| = 0
Px = 0  Py = 0  |P| = 0
Px = 0  Py = 0  |P| = 0
Px = 0  Py = 0  |P| = 0
Px = 0  Py = 0  |P| = 0
Px = 0  Py = 0  |P| = 0
Px = 0  Py = 0  |P| = 0
Px = 0  Py = 0  |P| = 0
Px = 0  Py = 0  |P| = 0
Px = 0  Py = 0  |P| = 0
Px = 0  Py = 0  |P| = 0
Px = 0  Py = 0  |P| = 0
Px = 0  Py = 0  |P| = 0
Px = 0  Py = 0  |P| = 0
Px = 0  Py = 0  |P| = 0
Px = 0  Py = 0  |P| = 0
Px = 0  Py = 0  |P| = 0
Px = 0  Py = 0  |P| = 0
Px = 0  Py = 0  |P| = 0
Px = 0  Py = 0  |P| = 0
Px = 0  Py = 0  |P| = 0
Px = 0  Py = 0  |P| = 0
Px = 0  Py = 0  |P| = 0
Px = 0  Py = 0  |P| = 0
Px = 0  Py = 0  |P| = 0
Px = 0  Py = 0  |P| = 0
Px = 0  Py = 0  |P| = 0
Px = 0  Py = 0  |P| = 0
Px = 0  Py = 0  |P| = 0
Px = 0  Py = 0  |P| = 0
Px = 0  Py = 0  |P| = 0
Px = 0  Py = 0  |P| = 0
Px = 0  Py = 0  |P| = 0
Px = 0  Py = 0  |P| = 0
Px = 0  Py = 0  |P| = 0
Px = 0  Py = 0  |P| = 0
Px = 0  Py = 0  |P| = 0
Px = 0  Py = 0  |P| = 0
Px = 0  Py = 0  |P| = 0
Px = 0  Py = 0  |P| = 0
Px = 0  Py = 0  |P| = 0
Px = 0  Py = 0  |P| = 0
Px = 0  Py = 0  |P| = 0
Px = 0  Py = 0  |P| = 0
Px = 0  Py = 0  |P| = 0
Px = 0  Py = 0  |P| = 0
Px = 0  Py = 0  |P| = 0
Px = 0  Py = 0  |P| = 0
Px = 0  Py = 0  |P| = 0
Px = 0  Py = 0  |P| = 0
Px = 0  Py = 0  |P| = 0
Px = 0  Py = 0  |P| = 0
Px = 0  Py = 0  |P| = 0
Px = 0  Py = 0  |P| = 0
Px = 0  Py = 0  |P| = 0
Px = 0  Py = 0  |P| = 0
Px = 0  Py = 0  |P| = 0
Px = 0  Py = 0  |P| = 0
Px = 0  Py = 0  |P| = 0
Px = 0  Py = 0  |P| = 0
Px = 0  Py = 0  |P| = 0
Px = 0  Py = 0  |P| = 0
Px = 0  Py = 0  |P| = 0
Px = 0  Py = 0  |P| = 0
Px = 0  Py = 0  |P| = 0
Px = 0  Py = 0  |P| = 0
Px = 0  Py = 0  |P| = 0
Px = 0  Py = 0  |P| = 0
Px = 0  Py = 0  |P| = 0
Px = 0  Py = 0  |P| = 0
Px = 0  Py = 0  |P| = 0
Px = 0  Py = 0  |P| = 0
Px = 0  Py = 0  |P| = 0
Px = 0  Py = 0  |P| = 0
Px = 0  Py = 0  |P| = 0
Px = 0  Py = 0  |P| = 0
Px = 0  Py = 0  |P| = 0
Px = 0  Py = 0  |P| = 0
Px = 0  Py = 0  |P| = 0
Px = 0  Py = 0  |P| = 0
Px = 0  Py = 0  |P| = 0
Px = 0  Py = 0  |P| = 0
Px = 0  Py = 0  |P| = 0
Px = 0  Py = 0  |P| = 0
Px = 0  Py = 0  |P| = 0
Px = 0  Py = 0  |P| = 0
Px = 0  Py = 0  |P| = 0
Px = 0  Py = 0  |P| = 0
Px = 0  Py = 0  |P| = 0
Px = 0  Py = 0  |P| = 0
Px = 0  Py = 0  |P| = 0
Px = 0  Py = 0  |P| = 0
Px = 0  Py = 0  |P| = 0
Px = 0  Py = 0  |P| = 0
Px = 0  Py = 0  |P| = 0
Px = 0  Py = 0  |P| = 0
Px = 0  Py = 0  |P| = 0
Px = 0  Py = 0  |P| = 0
Px = 0  Py = 0  |P| = 0
Px = 0  Py = 0  |P| = 0
Px = 0  Py = 0  |P| = 0
Px = 0  Py = 0  |P| = 0
Px = 0  Py = 0  |P| = 0
Px = 0  Py = 0  |P| = 0
Px = 0  Py = 0  |P| = 0
Px = 0  Py = 0  |P| = 0
Px = 0  Py = 0  |P| = 0
Px = 0  Py = 0  |P| = 0
Px = 0  Py = 0  |P| = 0
Px = 0  Py = 0  |P| = 0
Px = 0  Py = 0  |P| = 0
Px = 0  Py = 0  |P| = 0
Px = 0  Py = 0  |P| = 0
Px = 0  Py = 0  |P| = 0
Px = 0  Py = 0  |P| = 0
Px = 0  Py = 0  |P| = 0
Px = 0  Py = 0  |P| = 0
Px = 0  Py = 0  |P| = 0
Px = 0  Py = 0  |P| = 0
Px = 0  Py = 0  |P| = 0
Px = 0  Py = 0  |P| = 0
Px = 0  Py = 0  |P| = 0
Px = 0  Py = 0  |P| = 0
Px = 0  Py = 0  |P| = 0
Px = 0  Py = 0  |P| = 0
Px = 0  Py = 0  |P| = 0
Px = 0  Py = 0  |P| = 0
Px = 0  Py = 0  |P| = 0
Px = 0  Py = 0  |P| = 0
Px = 0  Py = 0  |P| = 0
Px = 0  Py = 0  |P| = 0
Px = 0  Py = 0  |P| = 0
Px = 0  Py = 0  |P| = 0
Px = 0  Py = 0  |P| = 0
Px = 0  Py = 0  |P| = 0
Px = 0  Py = 0  |P| = 0
Px = 0  Py = 0  |P| = 0
Px = 0  Py = 0  |P| = 0
Px = 0  Py = 0  |P| = 0
Px = 0  Py = 0  |P| = 0
Px = 0  Py = 0  |P| = 0
Px = 0  Py = 0  |P| = 0
Px = 0  Py = 0  |P| = 0
Px = 0  Py = 0  |P| = 0
Px = 0  Py = 0  |P| = 0
Px = 0  Py = 0  |P| = 0
Px = 0  Py = 0  |P| = 0
Px = 0  Py = 0  |P| = 0
Px = 0  Py = 0  |P| = 0
Px = 0  Py = 0  |P| = 0
Px = 0  Py = 0  |P| = 0
Px = 0  Py = 0  |P| = 0
Px = 0  Py = 0  |P| = 0
Px = 0  Py = 0  |P| = 0
Px = 0  Py = 0  |P| = 0
Px = 0  Py = 0  |P| = 0
Px = 0  Py = 0  |P| = 0
Px = 0  Py = 0  |P| = 0
Px = 0  Py = 0  |P| = 0
Px = 0  Py = 0  |P| = 0
Px = 0  Py = 0  |P| = 0
Px = 0  Py = 0  |P| = 0
Px = 0  Py = 0  |P| = 0
Px = 0  Py = 0  |P| = 0
Px = 0  Py = 0  |P| = 0
Px = 0  Py = 0  |P| = 0
Px = 0  Py = 0  |P| = 0
Px = 0  Py = 0  |P| = 0
Px = 0  Py = 0  |P| = 0
Px = 0  Py = 0  |P| = 0
Px = 0  Py = 0  |P| = 0
Px = 0  Py = 0  |P| = 0
Px = 0  Py = 0  |P| = 0
Px = 0  Py = 0  |P| = 0
Px = 0  Py = 0  |P| = 0
Px = 0  Py = 0  |P| = 0
Px = 0  Py = 0  |P| = 0
Px = 0  Py = 0  |P| = 0
Px = 0  Py = 0  |P| = 0
Px = 0  Py = 0  |P| = 0
Px = 0  Py = 0  |P| = 0
Px = 0  Py = 0  |P| = 0
Px = 0  Py = 0  |P| = 0
Px = 0  Py = 0  |P| = 0
Px = 0  Py = 0  |P| = 0
Px = 0  Py = 0  |P| = 0
Px = 0  Py = 0  |P| = 0
Px = 0  Py = 0  |P| = 0
Px = 0  Py = 0  |P| = 0
Px = 0  Py = 0  |P| = 0
Px = 0  Py = 0  |P| = 0
Px = 0  Py = 0  |P| = 0
Px = 0  Py = 0  |P| = 0
Px = 0  Py = 0  |P| = 0
Px = 0  Py = 0  |P| = 0
Px = 0  Py = 0  |P| = 0
Px = 0  Py = 0  |P| = 0
Px = 0  Py = 0  |P| = 0
Px = 0  Py = 0  |P| = 0
Px = 0  Py = 0  |P| = 0
Px = 0  Py = 0  |P| = 0
Px = 0  Py = 0  |P| = 0
Px = 0  Py = 0  |P| = 0
Px = 0  Py = 0  |P| = 0
Px = 0  Py = 0  |P| = 0
Px = 0  Py = 0  |P| = 0
Px = 0  Py = 0  |P| = 0
Px = 0  Py = 0  |P| = 0
Px = 0  Py = 0  |P| = 0
Px = 0  Py = 0  |P| = 0
Px = 0  Py = 0  |P| = 0
Px = 0  Py = 0  |P| = 0
Px = 0  Py = 0  |P| = 0
Px = 0  Py = 0  |P| = 0
Px = 0  Py = 0  |P| = 0
Px = 0  Py = 0  |P| = 0
Px = 0  Py = 0  |P| = 0
Px = 0  Py = 0  |P| = 0
Px = 0  Py = 0  |P| = 0
Px = 0  Py = 0  |P| = 0
Px = 0  Py = 0  |P| = 0
Px = 0  Py = 0  |P| = 0
Px = 0  Py = 0  |P| = 0
Px = 0  Py = 0  |P| = 0
Px = 0  Py = 0  |P| = 0
Px = 0  Py = 0  |P| = 0
Px = 0  Py = 0  |P| = 0
Px = 0  Py = 0  |P| = 0
Px = 0  Py = 0  |P| = 0
Px = 0  Py = 0  |P| = 0
Px = 0  Py = 0  |P| = 0
Px = 0  Py = 0  |P| = 0
Px = 0  Py = 0  |P| = 0
Px = 0  Py = 0  |P| = 0
Px = 0  Py = 0  |P| = 0
Px = 0  Py = 0  |P| = 0
Px = 0  Py = 0  |P| = 0
Px = 0  Py = 0  |P| = 0
Px = 0  Py = 0  |P| = 0
Px = 0  Py = 0  |P| = 0
Px = 0  Py = 0  |P| = 0
Px = 0  Py = 0  |P| = 0
Px = 0  Py = 0  |P| = 0
Px = 0  Py = 0  |P| = 0
Px = 0  Py = 0  |P| = 0
Px = 0  Py = 0  |P| = 0
Px = 0  Py = 0  |P| = 0
Px = 0  Py = 0  |P| = 0
Px = 0  Py = 0  |P| = 0
Px = 0  Py = 0  |P| = 0
Px = 0  Py = 0  |P| = 0
Px = 0  Py = 0  |P| = 0
Px = 0  Py = 0  |P| = 0
Px = 0  Py = 0  |P| = 0
Px = 0  Py = 0  |P| = 0
Px = 0  Py = 0  |P| = 0
Px = 0  Py = 0  |P| = 0
Px = 0  Py = 0  |P| = 0
Px = 0  Py = 0  |P| = 0
Px = 0  Py = 0  |P| = 0
Px = 0  Py = 0  |P| = 0
Px = 0  Py = 0  |P| = 0
Px = 0  Py = 0  |P| = 0
Px = 0  Py = 0  |P| = 0
Px = 0  Py = 0  |P| = 0
Px = 0  Py = 0  |P| = 0
Px = 0  Py = 0  |P| = 0
Px = 0  Py = 0  |P| = 0
Px = 0  Py = 0  |P| = 0
Px = 0  Py = 0  |P| = 0
Px = 0  Py = 0  |P| = 0
Px = 0  Py = 0  |P| = 0
Px = 0  Py = 0  |P| = 0
Px = 0  Py = 0  |P| = 0
Px = 0  Py = 0  |P| = 0
Px = 0  Py = 0  |P| = 0
Px = 0  Py = 0  |P| = 0
Px = 0  Py = 0  |P| = 0
Px = 0  Py = 0  |P| = 0
Px = 0  Py = 0  |P| = 0
Px = 0  Py = 0  |P| = 0
Px = 0  Py = 0  |P| = 0
Px = 0  Py = 0  |P| = 0
Px = 0  Py = 0  |P| = 0
Px = 0  Py = 0  |P| = 0
Px = 0  Py = 0  |P| = 0
Px = 0  Py = 0  |P| = 0
Px = 0  Py = 0  |P| = 0
Px = 0  Py = 0  |P| = 0
Px = 0  Py = 0  |P| = 0
Px = 0  Py = 0  |P| = 0
Px = 0  Py = 0  |P| = 0
Px = 0  Py = 0  |P| = 0
Px = 0  Py = 0  |P| = 0
Px = 0  Py = 0  |P| = 0
Px = 0  Py = 0  |P| = 0
Px = 0  Py = 0  |P| = 0
Px = 0  Py = 0  |P| = 0
Px = 0  Py = 0  |P| = 0
Px = 0  Py = 0  |P| = 0
Px = 0  Py = 0  |P| = 0
Px = 0  Py = 0  |P| = 0
Px = 0  Py = 0  |P| = 0
Px = 0  Py = 0  |P| = 0
Px = 0  Py = 0  |P| = 0
Px = 0  Py = 0  |P| = 0
Px = 0  Py = 0  |P| = 0
Px = 0  Py = 0  |P| = 0
Px = 0  Py = 0  |P| = 0
Px = 0  Py = 0  |P| = 0
Px = 0  Py = 0  |P| = 0
Px = 0  Py = 0  |P| = 0
Px = 0  Py = 0  |P| = 0
Px = 0  Py = 0  |P| = 0
Px = 0  Py = 0  |P| = 0
Px = 0  Py = 0  |P| = 0
Px = 0  Py = 0  |P| = 0
Px = 0  Py = 0  |P| = 0
Px = 0  Py = 0  |P| = 0
Px = 0  Py = 0  |P| = 0
Px = 0  Py = 0  |P| = 0
Px = 0  Py = 0  |P| = 0
Px = 0  Py = 0  |P| = 0
Px = 0  Py = 0  |P| = 0
Px = 0  Py = 0  |P| = 0
Px = 0  Py = 0  |P| = 0
Px = 0  Py = 0  |P| = 0
Px = 0  Py = 0  |P| = 0
Px = 0  Py = 0  |P| = 0
Px = 0  Py = 0  |P| = 0
Px = 0  Py = 0  |P| = 0
Px = 0  Py = 0  |P| = 0
Px = 0  Py = 0  |P| = 0
Px = 0  Py = 0  |P| = 0
Px = 0  Py = 0  |P| = 0
Px = 0  Py = 0  |P| = 0
Px = 0  Py = 0  |P| = 0
Px = 0  Py = 0  |P| = 0
Px = 0  Py = 0  |P| = 0
Px = 0  Py = 0  |P| = 0
Px = 0  Py = 0  |P| = 0
Px = 0  Py = 0  |P| = 0
Px = 0  Py = 0  |P| = 0
Px = 0  Py = 0  |P| = 0
Px = 0  Py = 0  |P| = 0
Px = 0  Py = 0  |P| = 0
Px = 0  Py = 0  |P| = 0
Px = 0  Py = 0  |P| = 0
Px = 0  Py = 0  |P| = 0
Px = 0  Py = 0  |P| = 0
Px = 0  Py = 0  |P| = 0
Px = 0  Py = 0  |P| = 0
Px = 0  Py = 0  |P| = 0
Px = 0  Py = 0  |P| = 0
Px = 0  Py = 0  |P| = 0
Px = 0  Py = 0  |P| = 0
Px = 0  Py = 0  |P| = 0
Px = 0  Py = 0  |P| = 0
Px = 0  Py = 0  |P| = 0
Px = 0  Py = 0  |P| = 0
Px = 0  Py = 0  |P| = 0
Px = 0  Py = 0  |P| = 0
Px = 0  Py = 0  |P| = 0
Px = 0  Py = 0  |P| = 0
Px = 0  Py = 0  |P| = 0
Px = 0  Py = 0  |P| = 0
Px = 0  Py = 0  |P| = 0
Px = 0  Py = 0  |P| = 0
Px = 0  Py = 0  |P| = 0
Px = 0  Py = 0  |P| = 0
Px = 0  Py = 0  |P| = 0
Px = 0  Py = 0  |P| = 0
Px = 0  Py = 0  |P| = 0
Px = 0  Py = 0  |P| = 0
Px = 0  Py = 0  |P| = 0
Px = 0  Py = 0  |P| = 0
Px = 0  Py = 0  |P| = 0
Px = 0  Py = 0  |P| = 0
Px = 0  Py = 0  |P| = 0
Px = 0  Py = 0  |P| = 0
Px = 0  Py = 0  |P| = 0
Px = 0  Py = 0  |P| = 0
Px = 0  Py = 0  |P| = 0
Px = 0  Py = 0  |P| = 0
Px = 0  Py = 0  |P| = 0
Px = 0  Py = 0  |P| = 0
Px = 0  Py = 0  |P| = 0
Px = 0  Py = 0  |P| = 0
Px = 0  Py = 0  |P| = 0
Px = 0  Py = 0  |P| = 0
Px = 0  Py = 0  |P| = 0
Px = 0  Py = 0  |P| = 0
Px = 0  Py = 0  |P| = 0
Px = 0  Py = 0  |P| = 0
Px = 0  Py = 0  |P| = 0
Px = 0  Py = 0  |P| = 0
Px = 0  Py = 0  |P| = 0
Px = 0  Py = 0  |P| = 0
Px = 0  Py = 0  |P| = 0
Px = 0  Py = 0  |P| = 0
Px = 0  Py = 0  |P| = 0
Px = 0  Py = 0  |P| = 0
Px = 0  Py = 0  |P| = 0
Px = 0  Py = 0  |P| = 0
Px = 0  Py = 0  |P| = 0
Px = 0  Py = 0  |P| = 0
Px = 0  Py = 0  |P| = 0
Px = 0  Py = 0  |P| = 0
Px = 0  Py = 0  |P| = 0
Px = 0  Py = 0  |P| = 0
Px = 0  Py = 0  |P| = 0
Px = 0  Py = 0  |P| = 0
Px = 0  Py = 0  |P| = 0
Px = 0  Py = 0  |P| = 0
Px = 0  Py = 0  |P| = 0
Px = 0  Py = 0  |P| = 0
Px = 0  Py = 0  |P| = 0
Px = 0  Py = 0  |P| = 0
Px = 0  Py = 0  |P| = 0
Px = 0  Py = 0  |P| = 0
Px = 0  Py = 0  |P| = 0
Px = 0  Py = 0  |P| = 0
Px = 0  Py = 0  |P| = 0
Px = 0  Py = 0  |P| = 0
Px = 0  Py = 0  |P| = 0
Px = 0  Py = 0  |P| = 0
Px = 0  Py = 0  |P| = 0
Px = 0  Py = 0  |P| = 0
Px = 0  Py = 0  |P| = 0
Px = 0  Py = 0  |P| = 0
Px = 0  Py = 0  |P| = 0
Px = 0  Py = 0  |P| = 0
Px = 0  Py = 0  |P| = 0
Px = 0  Py = 0  |P| = 0
Px = 0  Py = 0  |P| = 0
Px = 0  Py = 0  |P| = 0
Px = 0  Py = 0  |P| = 0
Px = 0  Py = 0  |P| = 0
Px = 0  Py = 0  |P| = 0
Px = 0  Py = 0  |P| = 0
Px = 0  Py = 0  |P| = 0
Px = 0  Py = 0  |P| = 0
Px = 0  Py = 0  |P| = 0
Px = 0  Py = 0  |P| = 0
Px = 0  Py = 0  |P| = 0
Px = 0  Py = 0  |P| = 0
Px = 0  Py = 0  |P| = 0
Px = 0  Py = 0  |P| = 0
Px = 0  Py = 0  |P| = 0
Px = 0  Py = 0  |P| = 0
Px = 0  Py = 0  |P| = 0
Px = 0  Py = 0  |P| = 0
Px = 0  Py = 0  |P| = 0
Px = 0  Py = 0  |P| = 0
Px = 0  Py = 0  |P| = 0
Px = 0  Py = 0  |P| = 0
Px = 0  Py = 0  |P| = 0
Px = 0  Py = 0  |P| = 0
Px = 0  Py = 0  |P| = 0
Px = 0  Py = 0  |P| = 0
Px = 0  Py = 0  |P| = 0
Px = 0  Py = 0  |P| = 0
Px = 0  Py = 0  |P| = 0
Px = 0  Py = 0  |P| = 0
Px = 0  Py = 0  |P| = 0
Px = 0  Py = 0  |P| = 0
Px = 0  Py = 0  |P| = 0
Px = 0  Py = 0  |P| = 0
Px = 0  Py = 0  |P| = 0
Px = 0  Py = 0  |P| = 0
Px = 0  Py = 0  |P| = 0
Px = 0  Py = 0  |P| = 0
Px = 0  Py = 0  |P| = 0
Px = 0  Py = 0  |P| = 0
Px = 0  Py = 0  |P| = 0
Px = 0  Py = 0  |P| = 0
Px = 0  Py = 0  |P| = 0
Px = 0  Py = 0  |P| = 0
Px = 0  Py = 0  |P| = 0
Px = 0  Py = 0  |P| = 0
Px = 0  Py = 0  |P| = 0
Px = 0  Py = 0  |P| = 0
Px = 0  Py = 0  |P| = 0
Px = 0  Py = 0  |P| = 0
Px = 0  Py = 0  |P| = 0
Px = 0  Py = 0  |P| = 0
Px = 0  Py = 0  |P| = 0
Px = 0  Py = 0  |P| = 0
Px = 0  Py = 0  |P| = 0
Px = 0  Py = 0  |P| = 0
Px = 0  Py = 0  |P| = 0
Px = 0  Py = 0  |P| = 0
Px = 0  Py = 0  |P| = 0
Px = 0  Py = 0  |P| = 0
Px = 0  Py = 0  |P| = 0
Px = 0  Py = 0  |P| = 0
Px = 0  Py = 0  |P| = 0
Px = 0  Py = 0  |P| = 0
Px = 0  Py = 0  |P| = 0
Px = 0  Py = 0  |P| = 0
Px = 0  Py = 0  |P| = 0
Px = 0  Py = 0  |P| = 0
Px = 0  Py = 0  |P| = 0
Px = 0  Py = 0  |P| = 0
Px = 0  Py = 0  |P| = 0
Px = 0  Py = 0  |P| = 0
Px = 0  Py = 0  |P| = 0
Px = 0  Py = 0  |P| = 0
Px = 0  Py = 0  |P| = 0
Px = 0  Py = 0  |P| = 0
Px = 0  Py = 0  |P| = 0
Px = 0  Py = 0  |P| = 0
Px = 0  Py = 0  |P| = 0
Px = 0  Py = 0  |P| = 0
Px = 0  Py = 0  |P| = 0
Px = 0  Py = 0  |P| = 0
Px = 0  Py = 0  |P| = 0
Px = 0  Py = 0  |P| = 0
Px = 0  Py = 0  |P| = 0
Px = 0  Py = 0  |P| = 0
Px = 0  Py = 0  |P| = 0
Px = 0  Py = 0  |P| = 0
Px = 0  Py = 0  |P| = 0
Px = 0  Py = 0  |P| = 0
Px = 0  Py = 0  |P| = 0
Px = 0  Py = 0  |P| = 0
Px = 0  Py = 0  |P| = 0
Px = 0  Py = 0  |P| = 0
Px = 0  Py = 0  |P| = 0
Px = 0  Py = 0  |P| = 0
Px = 0  Py = 0  |P| = 0
Px = 0  Py = 0  |P| = 0
Px = 0  Py = 0  |P| = 0
Px = 0  Py = 0  |P| = 0
Px = 0  Py = 0  |P| = 0
Px = 0  Py = 0  |P| = 0
Px = 0  Py = 0  |P| = 0
Px = 0  Py = 0  |P| = 0
Px = 0  Py = 0  |P| = 0
Px = 0  Py = 0  |P| = 0
Px = 0  Py = 0  |P| = 0
Px = 0  Py = 0  |P| = 0
Px = 0  Py = 0  |P| = 0
Px = 0  Py = 0  |P| = 0
Px = 0  Py = 0  |P| = 0
Px = 0  Py = 0  |P| = 0
Px = 0  Py = 0  |P| = 0
Px = 0  Py = 0  |P| = 0
Px = 0  Py = 0  |P| = 0
Px = 0  Py = 0  |P| = 0
Px = 0  Py = 0  |P| = 0
Px = 0  Py = 0  |P| = 0
Px = 0  Py = 0  |P| = 0
Px = 0  Py = 0  |P| = 0
Px = 0  Py = 0  |P| = 0
Px = 0  Py = 0  |P| = 0
Px = 0  Py = 0  |P| = 0
Px = 0  Py = 0  |P| = 0
Px = 0  Py = 0  |P| = 0
Px = 0  Py = 0  |P| = 0
Px = 0  Py = 0  |P| = 0
Px = 0  Py = 0  |P| = 0
Px = 0  Py = 0  |P| = 0
Px = 0  Py = 0  |P| = 0
Px = 0  Py = 0  |P| = 0
Px = 0  Py = 0  |P| = 0
Px = 0  Py = 0  |P| = 0
Px = 0  Py = 0  |P| = 0
Px = 0  Py = 0  |P| = 0
Px = 0  Py = 0  |P| = 0
Px = 0  Py = 0  |P| = 0
Px = 0  Py = 0  |P| = 0
Px = 0  Py = 0  |P| = 0
Px = 0  Py = 0  |P| = 0
Px = 0  Py = 0  |P| = 0
Px = 0  Py = 0  |P| = 0
Px = 0  Py = 0  |P| = 0
Px = 0  Py = 0  |P| = 0
Px = 0  Py = 0  |P| = 0
Px = 0  Py = 0  |P| = 0
Px = 0  Py = 0  |P| = 0
Px = 0  Py = 0  |P| = 0
Px = 0  Py = 0  |P| = 0
Px = 0  Py = 0  |P| = 0
Px = 0  Py = 0  |P| = 0
Px = 0  Py = 0  |P| = 0
Px = 0  Py = 0  |P| = 0
Px = 0  Py = 0  |P| = 0
Px = 0  Py = 0  |P| = 0
Px = 0  Py = 0  |P| = 0
Px = 5  Py = 0  |P| = 5
Px = 5  Py = 0  |P| = 5
Px = 5  Py = 0  |P| = 5
Px = 5  Py = 0  |P| = 5
Px = 5  Py = 0  |P| = 5
Px = 5  Py = 0  |P| = 5
Px = 5  Py = 0  |P| = 5
Px = 5  Py = 0  |P| = 5
Px = 5  Py = 0  |P| = 5
Px = 5  Py = 0  |P| = 5
Px = 5  Py = 0  |P| = 5
Px = 5  Py = 0  |P| = 5
Px = 5  Py = 0  |P| = 5
Px = 5  Py = 0  |P| = 5
Px = 5  Py = 0  |P| = 5
Px = 5  Py = 0  |P| = 5
Px = 5  Py = 0  |P| = 5
Px = 5  Py = 0  |P| = 5
Px = 5  Py = 0  |P| = 5
Px = 5  Py = 0  |P| = 5
Px = 5  Py = 0  |P| = 5
Px = 5  Py = 0  |P| = 5
Px = 5  Py = 0  |P| = 5
Px = 5  Py = 0  |P| = 5
Px = 5  Py = 0  |P| = 5
Px = 5  Py = 0  |P| = 5
Px = 5  Py = 0  |P| = 5
Px = 5  Py = 0  |P| = 5
Px = 5  Py = 0  |P| = 5
Px = 5  Py = 0  |P| = 5
Px = 5  Py = 0  |P| = 5
Px = 5  Py = 0  |P| = 5
Px = 5  Py = 0  |P| = 5
Px = 5  Py = 0  |P| = 5
Px = 5  Py = 0  |P| = 5
Px = 5  Py = 0  |P| = 5
Px = 5  Py = 0  |P| = 5
Px = 5  Py = 0  |P| = 5
Px = 5  Py = 0  |P| = 5
Px = 5  Py = 0  |P| = 5
Px = 5  Py = 0  |P| = 5
Px = 5  Py = 0  |P| = 5
Px = 5  Py = 0  |P| = 5
Px = 5  Py = 0  |P| = 5
Px = 5  Py = 0  |P| = 5
Px = 5  Py = 0  |P| = 5
Px = 5  Py = 0  |P| = 5
Px = 5  Py = 0  |P| = 5
Px = 5  Py = 0  |P| = 5
Px = 5  Py = 0  |P| = 5
Px = 5  Py = 0  |P| = 5
Px = 5  Py = 0  |P| = 5
Px = 5  Py = 0  |P| = 5
Px = 5  Py = 0  |P| = 5
Px = 5  Py = 0  |P| = 5
Px = 5  Py = 0  |P| = 5
Px = 5  Py = 0  |P| = 5
Px = 5  Py = 0  |P| = 5
Px = 5  Py = 0  |P| = 5
Px = 5  Py = 0  |P| = 5
Px = 5  Py = 0  |P| = 5
Px = 5  Py = 0  |P| = 5
Px = 5  Py = 0  |P| = 5
Px = 5  Py = 0  |P| = 5
Px = 5  Py = 0  |P| = 5
Px = 5  Py = 0  |P| = 5
Px = 5  Py = 0  |P| = 5
Px = 5  Py = 0  |P| = 5
Px = 5  Py = 0  |P| = 5
Px = 5  Py = 0  |P| = 5
Px = 5  Py = 0  |P| = 5
Px = 5  Py = 0  |P| = 5
Px = 5  Py = 0  |P| = 5
Px = 5  Py = 0  |P| = 5
Px = 5  Py = 0  |P| = 5
Px = 5  Py = 0  |P| = 5
Px = 5  Py = 0  |P| = 5
Px = 5  Py = 0  |P| = 5
Px = 5  Py = 0  |P| = 5
Px = 5  Py = 0  |P| = 5
Px = 5  Py = 0  |P| = 5
Px = 5  Py = 0  |P| = 5
Px = 5  Py = 0  |P| = 5
Px = 5  Py = 0  |P| = 5
Px = 5  Py = 0  |P| = 5
Px = 5  Py = 0  |P| = 5
Px = 5  Py = 0  |P| = 5
Px = 5  Py = 0  |P| = 5
Px = 5  Py = 0  |P| = 5
Px = 5  Py = 0  |P| = 5
Px = 5  Py = 0  |P| = 5
Px = 5  Py = 0  |P| = 5
Px = 5  Py = 0  |P| = 5
Px = 5  Py = 0  |P| = 5
Px = 5  Py = 0  |P| = 5
Px = 5  Py = 0  |P| = 5
Px = 5  Py = 0  |P| = 5
Px = 5  Py = 0  |P| = 5
Px = 5  Py = 0  |P| = 5
Px = 5  Py = 0  |P| = 5
Px = 5  Py = 0  |P| = 5
Px = 5  Py = 0  |P| = 5
Px = 5  Py = 0  |P| = 5
Px = 5  Py = 0  |P| = 5
Px = 5  Py = 0  |P| = 5
Px = 5  Py = 0  |P| = 5
Px = 5  Py = 0  |P| = 5
Px = 5  Py = 0  |P| = 5
Px = 5  Py = 0  |P| = 5
Px = 5  Py = 0  |P| = 5
Px = 5  Py = 0  |P| = 5
Px = 5  Py = 0  |P| = 5
Px = 5  Py = 0  |P| = 5
Px = 5  Py = 0  |P| = 5
Px = 5  Py = 0  |P| = 5
Px = 5  Py = 0  |P| = 5
Px = 5  Py = 0  |P| = 5
Px = 5  Py = 0  |P| = 5
Px = 5  Py = 0  |P| = 5
Px = 5  Py = 0  |P| = 5
Px = 5  Py = 0  |P| = 5
Px = 5  Py = 0  |P| = 5
Px = 5  Py = 0  |P| = 5
Px = 5  Py = 0  |P| = 5
Px = 5  Py = 0  |P| = 5
Px = 5  Py = 0  |P| = 5
Px = 5  Py = 0  |P| = 5
Px = 5  Py = 0  |P| = 5
Px = 5  Py = 0  |P| = 5
Px = 5  Py = 0  |P| = 5
Px = 5  Py = 0  |P| = 5
Px = 5  Py = 0  |P| = 5
Px = 5  Py = 0  |P| = 5
Px = 5  Py = 0  |P| = 5
Px = 5  Py = 0  |P| = 5
Px = 5  Py = 0  |P| = 5
Px = 5  Py = 0  |P| = 5
Px = 5  Py = 0  |P| = 5
Px = 5  Py = 0  |P| = 5
Px = 5  Py = 0  |P| = 5
Px = 5  Py = 0  |P| = 5
Px = 5  Py = 0  |P| = 5
Px = 5  Py = 0  |P| = 5
Px = 5  Py = 0  |P| = 5
Px = 5  Py = 0  |P| = 5
Px = 5  Py = 0  |P| = 5
Px = 5  Py = 0  |P| = 5
Px = 5  Py = 0  |P| = 5
Px = 5  Py = 0  |P| = 5
Px = 5  Py = 0  |P| = 5
Px = 5  Py = 0  |P| = 5
Px = 5  Py = 0  |P| = 5
Px = 5  Py = 0  |P| = 5
Px = 5  Py = 0  |P| = 5
Px = 5  Py = 0  |P| = 5
Px = 5  Py = 0  |P| = 5
Px = 5  Py = 0  |P| = 5
Px = 5  Py = 0  |P| = 5
Px = 5  Py = 0  |P| = 5
Px = 5  Py = 0  |P| = 5
Px = 5  Py = 0  |P| = 5
Px = 5  Py = 0  |P| = 5
Px = 5  Py = 0  |P| = 5
Px = 5  Py = 0  |P| = 5
Px = 5  Py = 0  |P| = 5
Px = 5  Py = 0  |P| = 5
Px = 5  Py = 0  |P| = 5
Px = 5  Py = 0  |P| = 5
Px = 5  Py = 0  |P| = 5
Px = 5  Py = 0  |P| = 5
Px = 5  Py = 0  |P| = 5
Px = 5  Py = 0  |P| = 5
Px = 5  Py = 0  |P| = 5
Px = 5  Py = 0  |P| = 5
Px = 5  Py = 0  |P| = 5
Px = 5  Py = 0  |P| = 5
Px = 5  Py = 0  |P| = 5
Px = 5  Py = 0  |P| = 5
Px = 5  Py = 0  |P| = 5
Px = 5  Py = 0  |P| = 5
Px = 5  Py = 0  |P| = 5
Px = 5  Py = 0  |P| = 5
Px = 5  Py = 0  |P| = 5
Px = 5  Py = 0  |P| = 5
Px = 5  Py = 0  |P| = 5
Px = 5  Py = 0  |P| = 5
Px = 5  Py = 0  |P| = 5
Px = 5  Py = 0  |P| = 5
Px = 5  Py = 0  |P| = 5
Px = 5  Py = 0  |P| = 5
Px = 5  Py = 0  |P| = 5
Px = 5  Py = 0  |P| = 5
Px = 5  Py = 0  |P| = 5
Px = 5  Py = 0  |P| = 5
Px = 5  Py = 0  |P| = 5
Px = 5  Py = 0  |P| = 5
Px = 5  Py = 0  |P| = 5
Px = 5  Py = 0  |P| = 5
Px = 5  Py = 0  |P| = 5
Px = 5  Py = 0  |P| = 5
Px = 5  Py = 0  |P| = 5
Px = 5  Py = 0  |P| = 5
Px = 5  Py = 0  |P| = 5
Px = 5  Py = 0  |P| = 5
Px = 5  Py = 0  |P| = 5
Px = 5  Py = 0  |P| = 5
Px = 5  Py = 0  |P| = 5
Px = 5  Py = 0  |P| = 5
Px = 5  Py = 0  |P| = 5
Px = 5  Py = 0  |P| = 5
Px = 5  Py = 0  |P| = 5
Px = 5  Py = 0  |P| = 5
Px = 5  Py = 0  |P| = 5
Px = 5  Py = 0  |P| = 5
Px = 5  Py = 0  |P| = 5
Px = 5  Py = 0  |P| = 5
Px = 5  Py = 0  |P| = 5
Px = 5  Py = 0  |P| = 5
Px = 5  Py = 0  |P| = 5
Px = 5  Py = 0  |P| = 5
Px = 5  Py = 0  |P| = 5
Px = 5  Py = 0  |P| = 5
Px = 5  Py = 0  |P| = 5
Px = 5  Py = 0  |P| = 5
Px = 5  Py = 0  |P| = 5
Px = 5  Py = 0  |P| = 5
Px = 5  Py = 0  |P| = 5
Px = 5  Py = 0  |P| = 5
Px = 5  Py = 0  |P| = 5
Px = 5  Py = 0  |P| = 5
Px = 5  Py = 0  |P| = 5
Px = 5  Py = 0  |P| = 5
Px = 5  Py = 0  |P| = 5
Px = 5  Py = 0  |P| = 5
Px = 5  Py = 0  |P| = 5
Px = 5  Py = 0  |P| = 5
Px = 5  Py = 0  |P| = 5
Px = 5  Py = 0  |P| = 5
Px = 5  Py = 0  |P| = 5
Px = 5  Py = 0  |P| = 5
Px = 5  Py = 0  |P| = 5
Px = 5  Py = 0  |P| = 5
Px = 5  Py = 0  |P| = 5
Px = 5  Py = 0  |P| = 5
Px = 5  Py = 0  |P| = 5
Px = 5  Py = 0  |P| = 5
Px = 5  Py = 0  |P| = 5
Px = 5  Py = 0  |P| = 5
Px = 5  Py = 0  |P| = 5
Px = 5  Py = 0  |P| = 5
Px = 5  Py = 0  |P| = 5
Px = 5  Py = 0  |P| = 5
Px = 5  Py = 0  |P| = 5
Px = 5  Py = 0  |P| = 5
Px = 5  Py = 0  |P| = 5
Px = 5  Py = 0  |P| = 5
Px = 5  Py = 0  |P| = 5
Px = 5  Py = 0  |P| = 5
Px = 5  Py = 0  |P| = 5
Px = 5  Py = 0  |P| = 5
Px = 5  Py = 0  |P| = 5
Px = 5  Py = 0  |P| = 5
Px = 5  Py = 0  |P| = 5
Px = 5  Py = 0  |P| = 5
Px = 5  Py = 0  |P| = 5
Px = 5  Py = 0  |P| = 5
Px = 5  Py = 0  |P| = 5
Px = 5  Py = 0  |P| = 5
Px = 5  Py = 0  |P| = 5
Px = 5  Py = 0  |P| = 5
Px = 5  Py = 0  |P| = 5
Px = 5  Py = 0  |P| = 5
Px = 5  Py = 0  |P| = 5
Px = 5  Py = 0  |P| = 5
Px = 5  Py = 0  |P| = 5
Px = 5  Py = 0  |P| = 5
Px = 5  Py = 0  |P| = 5
Px = 5  Py = 0  |P| = 5
Px = 5  Py = 0  |P| = 5
Px = 5  Py = 0  |P| = 5
Px = 5  Py = 0  |P| = 5
Px = 5  Py = 0  |P| = 5
Px = 5  Py = 0  |P| = 5
Px = 5  Py = 0  |P| = 5
Px = 5  Py = 0  |P| = 5
Px = 5  Py = 0  |P| = 5
Px = 5  Py = 0  |P| = 5
Px = 5  Py = 0  |P| = 5
Px = 5  Py = 0  |P| = 5
Px = 5  Py = 0  |P| = 5
Px = 5  Py = 0  |P| = 5
Px = 5  Py = 0  |P| = 5
Px = 5  Py = 0  |P| = 5
Px = 5  Py = 0  |P| = 5
Px = 5  Py = 0  |P| = 5
Px = 5  Py = 0  |P| = 5
Px = 5  Py = 0  |P| = 5
Px = 5  Py = 0  |P| = 5
Px = 5  Py = 0  |P| = 5
Px = 5  Py = 0  |P| = 5
Px = 5  Py = 0  |P| = 5
Px = 5  Py = 0  |P| = 5
Px = 5  Py = 0  |P| = 5
Px = 5  Py = 0  |P| = 5
Px = 5  Py = 0  |P| = 5
Px = 5  Py = 0  |P| = 5
Px = 5  Py = 0  |P| = 5
Px = 5  Py = 0  |P| = 5
Px = 5  Py = 0  |P| = 5
Px = 5  Py = 0  |P| = 5
Px = 5  Py = 0  |P| = 5
Px = 5  Py = 0  |P| = 5
Px = 5  Py = 0  |P| = 5
Px = 5  Py = 0  |P| = 5
Px = 5  Py = 0  |P| = 5
Px = 5  Py = 0  |P| = 5
[...]
Px = 5  Py = 0  |P| = 5
Px = 5  Py = 0  |P| = 5
Px = 5  Py = 0  |P| = 5
Px = 5  Py = 0  |P| = 5
Px = 5  Py = 0  |P| = 5
Px = 5  Py = 0  |P| = 5
Px = 5  Py = 0  |P| = 5
Px = 5  Py = 0  |P| = 5
Px = 5  Py = 0  |P| = 5
Px = 5  Py = 0  |P| = 5
Px = 5  Py = 0  |P| = 5
Px = 5  Py = 0  |P| = 5
Px = 5  Py = 0  |P| = 5
Px = 5  Py = 0  |P| = 5
Px = 5  Py = 0  |P| = 5
Px = 5  Py = 0  |P| = 5
Px = 5  Py = 0  |P| = 5
Px = 5  Py = 0  |P| = 5
Px = 5  Py = 0  |P| = 5
Px = 5  Py = 0  |P| = 5
Px = 5  Py = 0  |P| = 5
Px = 5  Py = 0  |P| = 5
Px = 5  Py = 0  |P| = 5
Px = 5  Py = 0  |P| = 5
Px = 5  Py = 0  |P| = 5
Px = 5  Py = 0  |P| = 5
Px = 5  Py = 0  |P| = 5
Px = 5  Py = 0  |P| = 5
Px = 5  Py = 0  |P| = 5
Px = 5  Py = 0  |P| = 5
Px = 5  Py = 0  |P| = 5
Px = 5  Py = 0  |P| = 5
Px = 5  Py = 0  |P| = 5
Px = 5  Py = 0  |P| = 5
Px = 5  Py = 0  |P| = 5
Px = 5  Py = 0  |P| = 5
Px = 5  Py = 0  |P| = 5
Px = 5  Py = 0  |P| = 5
Px = 5  Py = 0  |P| = 5
Px = 5  Py = 0  |P| = 5
Px = 5  Py = 0  |P| = 5
Px = 5  Py = 0  |P| = 5
Px = 5  Py = 0  |P| = 5
Px = 5  Py = 0  |P| = 5
Px = 5  Py = 0  |P| = 5
Px = 5  Py = 0  |P| = 5
Px = 5  Py = 0  |P| = 5
Px = 5  Py = 0  |P| = 5
Px = 5  Py = 0  |P| = 5
Px = 5  Py = 0  |P| = 5
Px = 5  Py = 0  |P| = 5
Px = 5  Py = 0  |P| = 5
Px = 5  Py = 0  |P| = 5
Px = 5  Py = 0  |P| = 5
Px = 5  Py = 0  |P| = 5
Px = 5  Py = 0  |P| = 5
Px = 5  Py = 0  |P| = 5
Px = 5  Py = 0  |P| = 5
Px = 5  Py = 0  |P| = 5
Px = 5  Py = 0  |P| = 5
Px = 5  Py = 0  |P| = 5
Px = 5  Py = 0  |P| = 5
Px = 5  Py = 0  |P| = 5
Px = 5  Py = 0  |P| = 5
Px = 5  Py = 0  |P| = 5
Px = 5  Py = 0  |P| = 5
Px = 5  Py = 0  |P| = 5
Px = 5  Py = 0  |P| = 5
Px = 5  Py = 0  |P| = 5
Px = 5  Py = 0  |P| = 5
Px = 5  Py = 0  |P| = 5
Px = 5  Py = 0  |P| = 5
Px = 5  Py = 0  |P| = 5
Px = 5  Py = 0  |P| = 5
Px = 5  Py = 0  |P| = 5
Px = 5  Py = 0  |P| = 5
Px = 5  Py = 0  |P| = 5
Px = 5  Py = 0  |P| = 5
Px = 5  Py = 0  |P| = 5
Px = 5  Py = 0  |P| = 5
Px = 5  Py = 0  |P| = 5
Px = 5  Py = 0  |P| = 5
Px = 5  Py = 0  |P| = 5
Px = 5  Py = 0  |P| = 5
Px = 5  Py = 0  |P| = 5
Px = 5  Py = 0  |P| = 5
Px = 5  Py = 0  |P| = 5
Px = 5  Py = 0  |P| = 5
Px = 5  Py = 0  |P| = 5
Px = 5  Py = 0  |P| = 5
Px = 5  Py = 0  |P| = 5
Px = 5  Py = 0  |P| = 5
Px = 5  Py = 0  |P| = 5
Px = 5  Py = 0  |P| = 5
Px = 5  Py = 0  |P| = 5
Px = 5  Py = 0  |P| = 5
Px = 5  Py = 0  |P| = 5
Px = 5  Py = 0  |P| = 5
Px = 5  Py = 0  |P| = 5
Px = 5  Py = 0  |P| = 5
Px = 5  Py = 0  |P| = 5
Px = 5  Py = 0  |P| = 5
Px = 5  Py = 0  |P| = 5
Px = 5  Py = 0  |P| = 5
Px = 5  Py = 0  |P| = 5
Px = 5  Py = 0  |P| = 5
Px = 5  Py = 0  |P| = 5
Px = 5  Py = 0  |P| = 5
Px = 5  Py = 0  |P| = 5
Px = 5  Py = 0  |P| = 5
Px = 5  Py = 0  |P| = 5
Px = 5  Py = 0  |P| = 5
Px = 5  Py = 0  |P| = 5
Px = 5  Py = 0  |P| = 5
Px = 5  Py = 0  |P| = 5
Px = 5  Py = 0  |P| = 5
Px = 5  Py = 0  |P| = 5
Px = 5  Py = 0  |P| = 5
Px = 5  Py = 0  |P| = 5
Px = 5  Py = 0  |P| = 5
Px = 5  Py = 0  |P| = 5
Px = 5  Py = 0  |P| = 5
Px = 5  Py = 0  |P| = 5
Px = 5  Py = 0  |P| = 5
Px = 5  Py = 0  |P| = 5
Px = 5  Py = 0  |P| = 5
Px = 5  Py = 0  |P| = 5
Px = 5  Py = 0  |P| = 5
Px = 5  Py = 0  |P| = 5
Px = 5  Py = 0  |P| = 5
Px = 5  Py = 0  |P| = 5
Px = 5  Py = 0  |P| = 5
Px = 5  Py = 0  |P| = 5
Px = 5  Py = 0  |P| = 5
Px = 5  Py = 0  |P| = 5
Px = 5  Py = 0  |P| = 5
Px = 5  Py = 0  |P| = 5
Px = 5  Py = 0  |P| = 5
Px = 5  Py = 0  |P| = 5
Px = 5  Py = 0  |P| = 5
Px = 5  Py = 0  |P| = 5
Px = 5  Py = 0  |P| = 5
Px = 5  Py = 0  |P| = 5
Px = 5  Py = 0  |P| = 5
Px = 5  Py = 0  |P| = 5
Px = 5  Py = 0  |P| = 5
Px = 5  Py = 0  |P| = 5
Px = 5  Py = 0  |P| = 5
Px = 5  Py = 0  |P| = 5
Px = 5  Py = 0  |P| = 5
Px = 5  Py = 0  |P| = 5
Px = 5  Py = 0  |P| = 5
Px = 5  Py = 0  |P| = 5
Px = 5  Py = 0  |P| = 5
Px = 5  Py = 0  |P| = 5
Px = 5  Py = 0  |P| = 5
Px = 5  Py = 0  |P| = 5
Px = 5  Py = 0  |P| = 5
Px = 5  Py = 0  |P| = 5
Px = 5  Py = 0  |P| = 5
Px = 5  Py = 0  |P| = 5
Px = 5  Py = 0  |P| = 5
Px = 5  Py = 0  |P| = 5
Px = 5  Py = 0  |P| = 5
Px = 5  Py = 0  |P| = 5
Px = 5  Py = 0  |P| = 5
Px = 5  Py = 0  |P| = 5
Px = 5  Py = 0  |P| = 5
Px = 5  Py = 0  |P| = 5
Px = 5  Py = 0  |P| = 5
Px = 5  Py = 0  |P| = 5
Px = 5  Py = 0  |P| = 5
Px = 5  Py = 0  |P| = 5
Px = 5  Py = 0  |P| = 5
Px = 5  Py = 0  |P| = 5
Px = 5  Py = 0  |P| = 5
Px = 5  Py = 0  |P| = 5
Px = 5  Py = 0  |P| = 5
Px = 5  Py = 0  |P| = 5
Px = 5  Py = 0  |P| = 5
Px = 5  Py = 0  |P| = 5
Px = 5  Py = 0  |P| = 5
Px = 5  Py = 0  |P| = 5
Px = 5  Py = 0  |P| = 5
Px = 5  Py = 0  |P| = 5
Px = 5  Py = 0  |P| = 5
Px = 5  Py = 0  |P| = 5
Px = 5  Py = 0  |P| = 5
Px = 5  Py = 0  |P| = 5
Px = 5  Py = 0  |P| = 5
Px = 5  Py = 0  |P| = 5
Px = 5  Py = 0  |P| = 5
Px = 5  Py = 0  |P| = 5
Px = 5  Py = 0  |P| = 5
Px = 5  Py = 0  |P| = 5
Px = 5  Py = 0  |P| = 5
Px = 5  Py = 0  |P| = 5
Px = 5  Py = 0  |P| = 5
Px = 5  Py = 0  |P| = 5
Px = 5  Py = 0  |P| = 5
Px = 5  Py = 0  |P| = 5
Px = 5  Py = 0  |P| = 5
Px = 5  Py = 0  |P| = 5
Px = 5  Py = 0  |P| = 5
Px = 5  Py = 0  |P| = 5
Px = 5  Py = 0  |P| = 5
Px = 5  Py = 0  |P| = 5
Px = 5  Py = 0  |P| = 5
Px = 5  Py = 0  |P| = 5
Px = 5  Py = 0  |P| = 5
Px = 5  Py = 0  |P| = 5
Px = 5  Py = 0  |P| = 5
Px = 5  Py = 0  |P| = 5
Px = 5  Py = 0  |P| = 5
Px = 5  Py = 0  |P| = 5
Px = 5  Py = 0  |P| = 5
Px = 5  Py = 0  |P| = 5
Px = 5  Py = 0  |P| = 5
Px = 5  Py = 0  |P| = 5
Px = 5  Py = 0  |P| = 5
Px = 5  Py = 0  |P| = 5
Px = 5  Py = 0  |P| = 5
Px = 5  Py = 0  |P| = 5
Px = 5  Py = 0  |P| = 5
Px = 5  Py = 0  |P| = 5
Px = 5  Py = 0  |P| = 5
Px = 5  Py = 0  |P| = 5
Px = 5  Py = 0  |P| = 5
Px = 5  Py = 0  |P| = 5
Px = 5  Py = 0  |P| = 5
Px = 5  Py = 0  |P| = 5
Px = 5  Py = 0  |P| = 5
Px = 5  Py = 0  |P| = 5
Px = 5  Py = 0  |P| = 5
Px = 5  Py = 0  |P| = 5
Px = 5  Py = 0  |P| = 5
Px = 5  Py = 0  |P| = 5
Px = 5  Py = 0  |P| = 5
Px = 5  Py = 0  |P| = 5
Px = 5  Py = 0  |P| = 5
Px = 5  Py = 0  |P| = 5
Px = 5  Py = 0  |P| = 5
Px = 5  Py = 0  |P| = 5
Px = 5  Py = 0  |P| = 5
Px = 5  Py = 0  |P| = 5
Px = 5  Py = 0  |P| = 5
Px = 5  Py = 0  |P| = 5
Px = 5  Py = 0  |P| = 5
Px = 5  Py = 0  |P| = 5
Px = 5  Py = 0  |P| = 5
Px = 5  Py = 0  |P| = 5
Px = 5  Py = 0  |P| = 5
Px = 5  Py = 0  |P| = 5
Px = 5  Py = 0  |P| = 5
Px = 5  Py = 0  |P| = 5
Px = 5  Py = 0  |P| = 5
Px = 5  Py = 0  |P| = 5
Px = 5  Py = 0  |P| = 5
Px = 5  Py = 0  |P| = 5
Px = 5  Py = 0  |P| = 5
Px = 5  Py = 0  |P| = 5
Px = 5  Py = 0  |P| = 5
Px = 5  Py = 0  |P| = 5
Px = 5  Py = 0  |P| = 5
Px = 5  Py = 0  |P| = 5
Px = 5  Py = 0  |P| = 5
Px = 5  Py = 0  |P| = 5
Px = 5  Py = 0  |P| = 5
Px = 5  Py = 0  |P| = 5
Px = 5  Py = 0  |P| = 5
Px = 5  Py = 0  |P| = 5
Px = 5  Py = 0  |P| = 5
Px = 5  Py = 0  |P| = 5
Px = 5  Py = 0  |P| = 5
Px = 5  Py = 0  |P| = 5
Px = 5  Py = 0  |P| = 5
Px = 5  Py = 0  |P| = 5
Px = 5  Py = 0  |P| = 5
Px = 5  Py = 0  |P| = 5
Px = 5  Py = 0  |P| = 5
Px = 5  Py = 0  |P| = 5
Px = 5  Py = 0  |P| = 5
Px = 5  Py = 0  |P| = 5
Px = 5  Py = 0  |P| = 5
Px = 5  Py = 0  |P| = 5
Px = 5  Py = 0  |P| = 5
Px = 5  Py = 0  |P| = 5
Px = 5  Py = 0  |P| = 5
Px = 5  Py = 0  |P| = 5
Px = 5  Py = 0  |P| = 5
Px = 5  Py = 0  |P| = 5
Px = 5  Py = 0  |P| = 5
Px = 5  Py = 0  |P| = 5
Px = 5  Py = 0  |P| = 5
Px = 5  Py = 0  |P| = 5
Px = 5  Py = 0  |P| = 5
Px = 5  Py = 0  |P| = 5
Px = 5  Py = 0  |P| = 5
Px = 5  Py = 0  |P| = 5
Px = 5  Py = 0  |P| = 5
Px = 5  Py = 0  |P| = 5
Px = 5  Py = 0  |P| = 5
Px = 5  Py = 0  |P| = 5
Px = 5  Py = 0  |P| = 5
Px = 5  Py = 0  |P| = 5
Px = 5  Py = 0  |P| = 5
Px = 5  Py = 0  |P| = 5
Px = 5  Py = 0  |P| = 5
Px = 5  Py = 0  |P| = 5
Px = 5  Py = 0  |P| = 5
Px = 5  Py = 0  |P| = 5
Px = 5  Py = 0  |P| = 5
Px = 5  Py = 0  |P| = 5
Px = 5  Py = 0  |P| = 5
Px = 5  Py = 0  |P| = 5
Px = 5  Py = 0  |P| = 5
Px = 5  Py = 0  |P| = 5
Px = 5  Py = 0  |P| = 5
Px = 5  Py = 0  |P| = 5
Px = 5  Py = 0  |P| = 5
Px = 5  Py = 0  |P| = 5
Px = 5  Py = 0  |P| = 5
Px = 5  Py = 0  |P| = 5
Px = 5  Py = 0  |P| = 5
Px = 5  Py = 0  |P| = 5
Px = 5  Py = 0  |P| = 5
Px = 5  Py = 0  |P| = 5
Px = 5  Py = 0  |P| = 5
Px = 5  Py = 0  |P| = 5
Px = 5  Py = 0  |P| = 5
Px = 5  Py = 0  |P| = 5
Px = 5  Py = 0  |P| = 5
Px = 5  Py = 0  |P| = 5
Px = 5  Py = 0  |P| = 5
Px = 5  Py = 0  |P| = 5
Px = 5  Py = 0  |P| = 5
Px = 5  Py = 0  |P| = 5
Px = 5  Py = 0  |P| = 5
Px = 5  Py = 0  |P| = 5
Px = 5  Py = 0  |P| = 5
Px = 5  Py = 0  |P| = 5
Px = 5  Py = 0  |P| = 5
Px = 5  Py = 0  |P| = 5
Px = 5  Py = 0  |P| = 5
Px = 5  Py = 0  |P| = 5
Px = 5  Py = 0  |P| = 5
Px = 5  Py = 0  |P| = 5
Px = 5  Py = 0  |P| = 5
Px = 5  Py = 0  |P| = 5
Px = 5  Py = 0  |P| = 5
Px = 5  Py = 0  |P| = 5
Px = 5  Py = 0  |P| = 5
Px = 5  Py = 0  |P| = 5
Px = 5  Py = 0  |P| = 5
Px = 5  Py = 0  |P| = 5
Px = 5  Py = 0  |P| = 5
Px = 5  Py = 0  |P| = 5
Px = 5  Py = 0  |P| = 5
Px = 5  Py = 0  |P| = 5
Px = 5  Py = 0  |P| = 5
Px = 5  Py = 0  |P| = 5
Px = 5  Py = 0  |P| = 5
Px = 5  Py = 0  |P| = 5
Px = 5  Py = 0  |P| = 5
Px = 5  Py = 0  |P| = 5
Px = 5  Py = 0  |P| = 5
Px = 5  Py = 0  |P| = 5
Px = 5  Py = 0  |P| = 5
Px = 5  Py = 0  |P| = 5
Px = 5  Py = 0  |P| = 5
Px = 5  Py = 0  |P| = 5
Px = 5  Py = 0  |P| = 5
Px = 5  Py = 0  |P| = 5
Px = 5  Py = 0  |P| = 5
Px = 5  Py = 0  |P| = 5
Px = 5  Py = 0  |P| = 5
Px = 5  Py = 0  |P| = 5
Px = 5  Py = 0  |P| = 5
Px = 5  Py = 0  |P| = 5
Px = 5  Py = 0  |P| = 5
Px = 5  Py = 0  |P| = 5
Px = 5  Py = 0  |P| = 5
Px = 5  Py = 0  |P| = 5
Px = 5  Py = 0  |P| = 5
Px = 5  Py = 0  |P| = 5
Px = 5  Py = 0  |P| = 5
Px = 5  Py = 0  |P| = 5
Px = 5  Py = 0  |P| = 5
Px = 5  Py = 0  |P| = 5
Px = 5  Py = 0  |P| = 5
Px = 5  Py = 0  |P| = 5
Px = 5  Py = 0  |P| = 5
Px = 5  Py = 0  |P| = 5
Px = 5  Py = 0  |P| = 5
Px = 5  Py = 0  |P| = 5
Px = 5  Py = 0  |P| = 5
Px = 5  Py = 0  |P| = 5
Px = 5  Py = 0  |P| = 5
Px = 5  Py = 0  |P| = 5
Px = 5  Py = 0  |P| = 5
Px = 5  Py = 0  |P| = 5
Px = 5  Py = 0  |P| = 5
Px = 5  Py = 0  |P| = 5
Px = 5  Py = 0  |P| = 5
Px = 5  Py = 0  |P| = 5
Px = 5  Py = 0  |P| = 5
Px = 5  Py = 0  |P| = 5
Px = 5  Py = 0  |P| = 5
Px = 5  Py = 0  |P| = 5
Px = 5  Py = 0  |P| = 5
Px = 5  Py = 0  |P| = 5
Px = 5  Py = 0  |P| = 5
Px = 5  Py = 0  |P| = 5
Px = 5  Py = 0  |P| = 5
Px = 5  Py = 0  |P| = 5
Px = 5  Py = 0  |P| = 5
Px = 5  Py = 0  |P| = 5
Px = 5  Py = 0  |P| = 5
Px = 5  Py = 0  |P| = 5
Px = 5  Py = 0  |P| = 5
Px = 5  Py = 0  |P| = 5
Px = 5  Py = 0  |P| = 5
Px = 5  Py = 0  |P| = 5
Px = 5  Py = 0  |P| = 5
Px = 5  Py = 0  |P| = 5
Px = 5  Py = 0  |P| = 5
Px = 5  Py = 0  |P| = 5
Px = 5  Py = 0  |P| = 5
Px = 5  Py = 0  |P| = 5
Px = 5  Py = 0  |P| = 5
Px = 5  Py = 0  |P| = 5
Px = 5  Py = 0  |P| = 5
Px = 5  Py = 0  |P| = 5
Px = 5  Py = 0  |P| = 5
Px = 5  Py = 0  |P| = 5
Px = 5  Py = 0  |P| = 5
Px = 5  Py = 0  |P| = 5
Px = 5  Py = 0  |P| = 5
Px = 5  Py = 0  |P| = 5
Px = 5  Py = 0  |P| = 5
Px = 5  Py = 0  |P| = 5
Px = 5  Py = 0  |P| = 5
Px = 5  Py = 0  |P| = 5
Px = 5  Py = 0  |P| = 5
Px = 5  Py = 0  |P| = 5
Px = 5  Py = 0  |P| = 5
Px = 5  Py = 0  |P| = 5
Px = 5  Py = 0  |P| = 5
Px = 5  Py = 0  |P| = 5
Px = 5  Py = 0  |P| = 5
Px = 5  Py = 0  |P| = 5
Px = 5  Py = 0  |P| = 5
Px = 5  Py = 0  |P| = 5
Px = 5  Py = 0  |P| = 5
Px = 5  Py = 0  |P| = 5
Px = 5  Py = 0  |P| = 5
Px = 5  Py = 0  |P| = 5
Px = 5  Py = 0  |P| = 5
Px = 5  Py = 0  |P| = 5
Px = 5  Py = 0  |P| = 5
Px = 5  Py = 0  |P| = 5
Px = 5  Py = 0  |P| = 5
Px = 5  Py = 0  |P| = 5
Px = 5  Py = 0  |P| = 5
Px = 5  Py = 0  |P| = 5
Px = 5  Py = 0  |P| = 5
Px = 5  Py = 0  |P| = 5
Px = 5  Py = 0  |P| = 5
Px = 5  Py = 0  |P| = 5
Px = 5  Py = 0  |P| = 5
Px = 5  Py = 0  |P| = 5
Px = 5  Py = 0  |P| = 5
Px = 5  Py = 0  |P| = 5
Px = 5  Py = 0  |P| = 5
Px = 5  Py = 0  |P| = 5
Px = 5  Py = 0  |P| = 5
Px = 5  Py = 0  |P| = 5
Px = 5  Py = 0  |P| = 5
Px = 5  Py = 0  |P| = 5
Px = 5  Py = 0  |P| = 5
Px = 5  Py = 0  |P| = 5
Px = 5  Py = 0  |P| = 5
Px = 5  Py = 0  |P| = 5
Px = 5  Py = 0  |P| = 5
Px = 5  Py = 0  |P| = 5
Px = 5  Py = 0  |P| = 5
Px = 5  Py = 0  |P| = 5
Px = 5  Py = 0  |P| = 5
Px = 5  Py = 0  |P| = 5
Px = 5  Py = 0  |P| = 5
Px = 5  Py = 0  |P| = 5
Px = 5  Py = 0  |P| = 5
Px = 5  Py = 0  |P| = 5
Px = 5  Py = 0  |P| = 5
Px = 5  Py = 0  |P| = 5
Px = 5  Py = 0  |P| = 5
Px = 5  Py = 0  |P| = 5
Px = 5  Py = 0  |P| = 5
Px = 5  Py = 0  |P| = 5
Px = 5  Py = 0  |P| = 5
Px = 5  Py = 0  |P| = 5
Px = 5  Py = 0  |P| = 5
Px = 5  Py = 0  |P| = 5
Px = 5  Py = 0  |P| = 5
Px = 5  Py = 0  |P| = 5
Px = 5  Py = 0  |P| = 5
Px = 5  Py = 0  |P| = 5
Px = 5  Py = 0  |P| = 5
Px = 5  Py = 0  |P| = 5
Px = 5  Py = 0  |P| = 5
Px = 5  Py = 0  |P| = 5
Px = 5  Py = 0  |P| = 5
Px = 5  Py = 0  |P| = 5
Px = 5  Py = 0  |P| = 5
Px = 5  Py = 0  |P| = 5
Px = 5  Py = 0  |P| = 5
Px = 5  Py = 0  |P| = 5
Px = 5  Py = 0  |P| = 5
Px = 5  Py = 0  |P| = 5
Px = 5  Py = 0  |P| = 5
Px = 5  Py = 0  |P| = 5
Px = 5  Py = 0  |P| = 5
Px = 5  Py = 0  |P| = 5
Px = 5  Py = 0  |P| = 5
Px = 5  Py = 0  |P| = 5
Px = 5  Py = 0  |P| = 5
Px = 5  Py = 0  |P| = 5
Px = 5  Py = 0  |P| = 5
Px = 5  Py = 0  |P| = 5
Px = 5  Py = 0  |P| = 5
Px = 5  Py = 0  |P| = 5
Px = 5  Py = 0  |P| = 5
Px = 5  Py = 0  |P| = 5
Px = 5  Py = 0  |P| = 5
Px = 5  Py = 0  |P| = 5
Px = 5  Py = 0  |P| = 5
Px = 5  Py = 0  |P| = 5
Px = 5  Py = 0  |P| = 5
Px = 5  Py = 0  |P| = 5
Px = 5  Py = 0  |P| = 5
Px = 5  Py = 0  |P| = 5
Px = 5  Py = 0  |P| = 5
Px = 5  Py = 0  |P| = 5
Px = 5  Py = 0  |P| = 5
Px = 5  Py = 0  |P| = 5
Px = 5  Py = 0  |P| = 5
Px = 5  Py = 0  |P| = 5
Px = 5  Py = 0  |P| = 5
Px = 5  Py = 0  |P| = 5
Px = 5  Py = 0  |P| = 5
Px = 5  Py = 0  |P| = 5
Px = 5  Py = 0  |P| = 5
Px = 5  Py = 0  |P| = 5
Px = 5  Py = 0  |P| = 5
Px = 5  Py = 0  |P| = 5
Px = 5  Py = 0  |P| = 5
Px = 5  Py = 0  |P| = 5
Px = 5  Py = 0  |P| = 5
Px = 5  Py = 0  |P| = 5
Px = 5  Py = 0  |P| = 5
Px = 5  Py = 0  |P| = 5
Px = 5  Py = 0  |P| = 5
Px = 5  Py = 0  |P| = 5
Px = 5  Py = 0  |P| = 5
Px = 5  Py = 0  |P| = 5
Px = 5  Py = 0  |P| = 5
Px = 5  Py = 0  |P| = 5
Px = 5  Py = 0  |P| = 5
Px = 5  Py = 0  |P| = 5
Px = 5  Py = 0  |P| = 5
Px = 5  Py = 0  |P| = 5
Px = 5  Py = 0  |P| = 5
Px = 5  Py = 0  |P| = 5
Px = 5  Py = 0  |P| = 5
Px = 5  Py = 0  |P| = 5
Px = 5  Py = 0  |P| = 5
Px = 5  Py = 0  |P| = 5
Px = 5  Py = 0  |P| = 5
Px = 5  Py = 0  |P| = 5
Px = 5  Py = 0  |P| = 5
Px = 5  Py = 0  |P| = 5
Px = 5  Py = 0  |P| = 5
Px = 5  Py = 0  |P| = 5
Px = 5  Py = 0  |P| = 5
Px = 5  Py = 0  |P| = 5
Px = 5  Py = 0  |P| = 5
Px = 5  Py = 0  |P| = 5
Px = 5  Py = 0  |P| = 5
Px = 5  Py = 0  |P| = 5
Px = 5  Py = 0  |P| = 5
Px = 5  Py = 0  |P| = 5
Px = 5  Py = 0  |P| = 5
Px = 5  Py = 0  |P| = 5
Px = 5  Py = 0  |P| = 5
Px = 5  Py = 0  |P| = 5
Px = 5  Py = 0  |P| = 5
Px = 5  Py = 0  |P| = 5
Px = 5  Py = 0  |P| = 5
Px = 5  Py = 0  |P| = 5
Px = 5  Py = 0  |P| = 5
Px = 5  Py = 0  |P| = 5
Px = 5  Py = 0  |P| = 5
Px = 5  Py = 0  |P| = 5
Px = 5  Py = 0  |P| = 5
Px = 5  Py = 0  |P| = 5
Px = 5  Py = 0  |P| = 5
Px = 5  Py = 0  |P| = 5
Px = 5  Py = 0  |P| = 5
Px = 5  Py = 0  |P| = 5
Px = 5  Py = 0  |P| = 5
Px = 5  Py = 0  |P| = 5
Px = 5  Py = 0  |P| = 5
Px = 5  Py = 0  |P| = 5
Px = 5  Py = 0  |P| = 5
Px = 5  Py = 0  |P| = 5
Px = 5  Py = 0  |P| = 5
Px = 5  Py = 0  |P| = 5
Px = 5  Py = 0  |P| = 5
Px = 5  Py = 0  |P| = 5
Px = 5  Py = 0  |P| = 5
Px = 5  Py = 0  |P| = 5
Px = 5  Py = 0  |P| = 5
Px = 5  Py = 0  |P| = 5
Px = 5  Py = 0  |P| = 5
Px = 5  Py = 0  |P| = 5
Px = 5  Py = 0  |P| = 5
Px = 5  Py = 0  |P| = 5
Px = 5  Py = 0  |P| = 5
Px = 5  Py = 0  |P| = 5
Px = 5  Py = 0  |P| = 5
Px = 5  Py = 0  |P| = 5
Px = 5  Py = 0  |P| = 5
Px = 5  Py = 0  |P| = 5
Px = 5  Py = 0  |P| = 5
Px = 5  Py = 0  |P| = 5
Px = 5  Py = 0  |P| = 5
Px = 5  Py = 0  |P| = 5
Px = 5  Py = 0  |P| = 5
Px = 5  Py = 0  |P| = 5
Px = 5  Py = 0  |P| = 5
Px = 5  Py = 0  |P| = 5
Px = 5  Py = 0  |P| = 5
Px = 5  Py = 0  |P| = 5
Px = 5  Py = 0  |P| = 5
Px = 5  Py = 0  |P| = 5
Px = 5  Py = 0  |P| = 5
Px = 5  Py = 0  |P| = 5
Px = 5  Py = 0  |P| = 5
Px = 5  Py = 0  |P| = 5
Px = 5  Py = 0  |P| = 5
Px = 5  Py = 0  |P| = 5
Px = 5  Py = 0  |P| = 5
Px = 5  Py = 0  |P| = 5
Px = 5  Py = 0  |P| = 5
Px = 5  Py = 0  |P| = 5
Px = 5  Py = 0  |P| = 5
Px = 5  Py = 0  |P| = 5
Px = 5  Py = 0  |P| = 5
Px = 5  Py = 0  |P| = 5
Px = 5  Py = 0  |P| = 5
Px = 5  Py = 0  |P| = 5
Px = 5  Py = 0  |P| = 5
Px = 5  Py = 0  |P| = 5
Px = 5  Py = 0  |P| = 5
Px = 5  Py = 0  |P| = 5
Px = 5  Py = 0  |P| = 5
Px = 5  Py = 0  |P| = 5
Px = 5  Py = 0  |P| = 5
Px = 5  Py = 0  |P| = 5
Px = 5  Py = 0  |P| = 5
Px = 5  Py = 0  |P| = 5
Px = 5  Py = 0  |P| = 5
Px = 5  Py = 0  |P| = 5
Px = 5  Py = 0  |P| = 5
Px = 5  Py = 0  |P| = 5
Px = 5  Py = 0  |P| = 5
Px = 5  Py = 0  |P| = 5
Px = 5  Py = 0  |P| = 5
Px = 5  Py = 0  |P| = 5
Px = 5  Py = 0  |P| = 5
Px = 5  Py = 0  |P| = 5
Px = 5  Py = 0  |P| = 5
Px = 5  Py = 0  |P| = 5
Px = 5  Py = 0  |P| = 5
Px = 5  Py = 0  |P| = 5
Px = 5  Py = 0  |P| = 5
Px = 5  Py = 0  |P| = 5
Px = 5  Py = 0  |P| = 5
Px = 5  Py = 0  |P| = 5
Px = 5  Py = 0  |P| = 5
Px = 5  Py = 0  |P| = 5
Px = 5  Py = 0  |P| = 5
Px = 5  Py = 0  |P| = 5
Px = 5  Py = 0  |P| = 5
Px = 5  Py = 0  |P| = 5
Px = 5  Py = 0  |P| = 5
Px = 5  Py = 0  |P| = 5
Px = 5  Py = 0  |P| = 5
Px = 5  Py = 0  |P| = 5
Px = 5  Py = 0  |P| = 5
Px = 5  Py = 0  |P| = 5
Px = 5  Py = 0  |P| = 5
Px = 5  Py = 0  |P| = 5
Px = 5  Py = 0  |P| = 5
Px = 5  Py = 0  |P| = 5
Px = 5  Py = 0  |P| = 5
Px = 5  Py = 0  |P| = 5
Px = 5  Py = 0  |P| = 5
Px = 5  Py = 0  |P| = 5
Px = 5  Py = 0  |P| = 5
Px = 5  Py = 0  |P| = 5
Px = 5  Py = 0  |P| = 5
Px = 5  Py = 0  |P| = 5
Px = 5  Py = 0  |P| = 5
Px = 5  Py = 0  |P| = 5
Px = 5  Py = 0  |P| = 5
Px = 5  Py = 0  |P| = 5
Px = 5  Py = 0  |P| = 5
Px = 5  Py = 0  |P| = 5
Px = 5  Py = 0  |P| = 5
Px = 5  Py = 0  |P| = 5
Px = 5  Py = 0  |P| = 5
Px = 5  Py = 0  |P| = 5
Px = 5  Py = 0  |P| = 5
Px = 5  Py = 0  |P| = 5
Px = 5  Py = 0  |P| = 5
Px = 5  Py = 0  |P| = 5
Px = 5  Py = 0  |P| = 5
Px = 5  Py = 0  |P| = 5
Px = 5  Py = 0  |P| = 5
Px = 5  Py = 0  |P| = 5
Px = 5  Py = 0  |P| = 5
Px = 5  Py = 0  |P| = 5
Px = 5  Py = 0  |P| = 5
Px = 5  Py = 0  |P| = 5
Px = 5  Py = 0  |P| = 5
Px = 5  Py = 0  |P| = 5
Px = 5  Py = 0  |P| = 5
Px = 5  Py = 0  |P| = 5
Px = 5  Py = 0  |P| = 5
Px = 5  Py = 0  |P| = 5
Px = 5  Py = 0  |P| = 5
Px = 5  Py = 0  |P| = 5
Px = 5  Py = 0  |P| = 5
Px = 5  Py = 0  |P| = 5
Px = 5  Py = 0  |P| = 5
Px = 5  Py = 0  |P| = 5
Px = 5  Py = 0  |P| = 5
Px = 5  Py = 0  |P| = 5
Px = 5  Py = 0  |P| = 5
Px = 5  Py = 0  |P| = 5
Px = 5  Py = 0  |P| = 5
Px = 5  Py = 0  |P| = 5
Px = 5  Py = 0  |P| = 5
Px = 5  Py = 0  |P| = 5
Px = 5  Py = 0  |P| = 5
Px = 5  Py = 0  |P| = 5
Px = 5  Py = 0  |P| = 5
Px = 5  Py = 0  |P| = 5
Px = 5  Py = 0  |P| = 5
Px = 5  Py = 0  |P| = 5
Px = 5  Py = 0  |P| = 5
Px = 5  Py = 0  |P| = 5
Px = 5  Py = 0  |P| = 5
Px = 5  Py = 0  |P| = 5
Px = 5  Py = 0  |P| = 5
Px = 5  Py = 0  |P| = 5
Px = 5  Py = 0  |P| = 5
Px = 5  Py = 0  |P| = 5
Px = 5  Py = 0  |P| = 5
Px = 5  Py = 0  |P| = 5
Px = 5  Py = 0  |P| = 5
Px = 5  Py = 0  |P| = 5
Px = 5  Py = 0  |P| = 5
Px = 5  Py = 0  |P| = 5
Px = 5  Py = 0  |P| = 5
Px = 5  Py = 0  |P| = 5
Px = 5  Py = 0  |P| = 5
Px = 5  Py = 0  |P| = 5
Px = 5  Py = 0  |P| = 5
Px = 5  Py = 0  |P| = 5
Px = 5  Py = 0  |P| = 5
Px = 5  Py = 0  |P| = 5
Px = 0  Py = 0  |P| = 0
Px = 0  Py = 0  |P| = 0
Px = 0  Py = 0  |P| = 0
Px = 0  Py = 0  |P| = 0
Px = 0  Py = 0  |P| = 0
Px = 0  Py = 0  |P| = 0
Px = 2.22045e-16  Py = 0  |P| = 2.22045e-16
Px = 4.44089e-16  Py = 0  |P| = 4.44089e-16
Px = 4.44089e-16  Py = 0  |P| = 4.44089e-16
Px = 2.22045e-16  Py = 0  |P| = 2.22045e-16
Px = 2.22045e-16  Py = 0  |P| = 2.22045e-16
Px = 2.22045e-16  Py = 0  |P| = 2.22045e-16
Px = 0  Py = 0  |P| = 0
Px = 2.22045e-16  Py = 0  |P| = 2.22045e-16
Px = 0  Py = 0  |P| = 0
Px = 2.22045e-16  Py = 0  |P| = 2.22045e-16
Px = 0  Py = 0  |P| = 0
Px = 2.22045e-16  Py = 0  |P| = 2.22045e-16
Px = 0  Py = 0  |P| = 0
Px = 2.22045e-16  Py = -2.22045e-16  |P| = 3.14018e-16
===============================================================================
[doctest] test cases:     3 |     3 passed | 0 failed | 0 skipped
[doctest] assertions: 30026 | 30026 passed | 0 failed |
[doctest] Status: SUCCESS!
<end of output>
Test time =   0.03 sec
----------------------------------------------------------
Test Passed.
"run.t" end time: Aug 26 22:52 CEST
"run.t" time elapsed: 00:00:00
----------------------------------------------------------

End testing: Aug 26 22:52 CEST
